      Timing level                                                     3
1
 
 SNMEMA EXIT 100 -- finished successfully
 SNMEMA INFO 104 -- memory requirements estimated
1
 
 Parameters
 ==========

 Files
 -----
 Solution file..........         0       Old basis file ........         0       Standard input.........         5
 Insert file............         0       New basis file ........         0       (Printer)..............         9
 Punch file.............         0       Backup basis file......         0       (Specs file)...........         0
 Load file..............         0       Dump file..............         0       Standard output........         6

 Frequencies
 -----------
 Print frequency........       100       Check frequency........        60       Save new basis map.....       100
 Summary frequency......       100       Factorization frequency        50       Expand frequency.......     10000

 QP subproblems
 --------------
 QPsolver Cholesky......
 Scale tolerance........     0.900       Minor feasibility tol..  1.00E-06       Iteration limit........     10000
 Scale option...........         0       Minor optimality  tol..  1.00E-06       Minor print level......         1
 Crash tolerance........     0.100       Pivot tolerance........  3.25E-11       New superbasics........        99
 Crash option...........         3       Elastic weight.........  1.00E+05

 Partial pricing
 ---------------
 LP Partial price.......         1       Prtl price section ( A)       357       Prtl price section (-I)       302
 QP Partial price.......         1       Prtl price section ( A)       357       Prtl price section (-I)       302

 The SQP Method
 --------------
 Minimize...............                 Cold start.............                 Proximal Point method..         1
 Nonlinear objectiv vars         1       Objective Row..........         1       Function precision.....  3.00E-13
 Unbounded step size....  1.00E+20       Superbasics limit......       357       Difference interval....  5.48E-07
 Unbounded objective....  1.00E+10       Reduced Hessian dim....       357       Central difference int.  6.70E-05
 Major step limit.......  2.00E+00       Derivative linesearch..                 Derivative option......         1
 Major iterations limit.      1071       Linesearch tolerance...   0.90000       Verify level...........        -1
 Minor iterations limit.       500       Penalty parameter......  0.00E+00       Major Print Level......         1
 Time limit (secs)...... 9999999.0       Major optimality tol...  2.00E-06

 Hessian Approximation
 ---------------------
 Hessian limited-memory.                 Hessian updates........        10       Hessian frequency......  99999999
                                                                                 Hessian flush..........  99999999

 Nonlinear constraints
 ---------------------
 Nonlinear constraints..       301       Major feasibility tol..  1.00E-06       Violation limit........  1.00E+01
 Nonlinear Jacobian vars       357

 Miscellaneous
 -------------
 LU factor tolerance....      3.99       LU singularity tol.....  3.25E-11       Timing level...........         3
 LU update tolerance....      3.99       LU swap tolerance......  1.22E-04       Debug level............         0
 LU partial  pivoting...                 eps (machine precision)  2.22E-16       System information.....        No
                                                                                 Sticky parameters......        No

 Total char*8  workspace       500       Total integer workspace    251676       Total real    workspace    272883
 Total char*8  (minimum)       500       Total integer (minimum)     68881       Total real    (minimum)    179691
 
1
 

 

 Matrix statistics
 -----------------
               Total      Normal        Free       Fixed     Bounded
 Rows            302           0           1         301           0
 Columns         357           0           0           8         349

 No. of matrix elements                13902     Density      12.894
 Biggest  constant element        0.0000E+00  (excluding fixed columns,
 Smallest constant element        0.0000E+00   free rows, and RHS)

 No. of objective coefficients             0

 Nonlinear constraints     301     Linear constraints       1
 Nonlinear variables       357     Linear variables         0
 Jacobian  variables       357     Objective variables      1
 Total constraints         302     Total variables        357
1
 
 Initial basis
 -------------

 No basis file supplied

 Crash option  3

 Crash on linear E  rows:

 Crash on linear LG rows:
 Slacks     1  Free cols     0  Preferred     0
 Unit       0  Double        0  Triangle      0  Pad     0

 Itn      0: Feasible linear rows
 Itn      0: PP1.  Minimizing  Norm(x-x0)

 Itn      0: PP1.  Norm(x-x0) approximately minimized  (0.00E+00)

 
 The user has defined   13903   out of   13903   first  derivatives

 Crash on nonlinear rows:
 Slacks     0  Free cols     0  Preferred     0
 Unit      50  Double       54  Triangle    119  Pad    78
1
 
 Itn      0: Hessian set to a scaled identity matrix
 Singular(m=n)  rank      301  n-rank       1  nsing       23
 Itn      0: BR factorize
 Singular(m=n)  rank      297  n-rank       5  nsing       70
 Itn      0: LU partial  pivoting tols       2.00      2.00

    Itn     FP mult  FP step   rgNorm          NumInf         SumInf   +SBS   -SBS    -BS    Pivot     L+U ncp    nS condZHZ
    100    -1.8E+01  1.0E-02                       52  3.6844282E+01     69     69    425            13170

    Itn     QP mult  QP step   rgNorm          NonOpt   QP Objective   +SBS   -SBS    -BS    Pivot     L+U ncp    nS condZHZ
    200    -2.6E-02  1.0E+00  7.5E-15                  1.7450147E+02    306                          21625   1    48 2.2E+00
 

   Itns Major Minors    Step   nCon Feasible  Optimal  MeritFunction     L+U BSwap     nS condZHZ Penalty
    200     0    200              1  1.9E+00  1.8E-01 -1.5000000E+00   21625           48 2.2E+00         _  r
 Itn    200: Hessian set to a scaled identity matrix
 Itn    200: LU partial  pivoting tols       3.99      3.99
    201     1      1 3.9E-01      2  1.2E+00  1.1E-01  1.8043075E+02   25362     2     48 2.1E+00 1.1E+01 _  rl
    202     2      1 6.2E-01      4  4.5E-01  3.8E-02  2.9023192E+02   25362           48 3.9E+00 6.2E+01 _sM l
    203     3      1 1.0E+00      5  2.6E-02  3.3E-02 -1.0094772E+00   25362           48 6.5E+00 2.0E+01 _
    204     4      1 1.0E+00      6  5.4E-04  1.6E-02 -1.1493430E+00   25362           48 6.7E+00 2.0E+01 _
    212     5      8 1.0E+00      8  1.4E-05  7.4E-01 -1.1517283E+00   26221           41 4.8E+02 2.0E+01 _sM
    230     6     18 2.0E-02     14  2.2E-02  6.9E-01 -1.1927410E+00   26869           35 2.5E+02 2.0E+01 _ m
    242     7     12 1.9E-02     20  3.6E-02  5.2E-01 -1.2336150E+00   26150           29 4.9E+01 2.0E+01 _ M
    265     8     23 6.8E-03     25  3.7E-02  2.7E-01 -1.2511598E+00   25353           29 1.3E+01 2.0E+01 _ m
    313     9     48 7.0E-03     30  3.8E-02  1.2E-01 -1.2697162E+00   26144           21 9.5E+04 2.0E+01 _ M
    325    10     12 6.7E-03     35  3.9E-02  7.1E-02 -1.2873862E+00   25495           14 1.7E+03 2.0E+01 _ M
    329    11      4 6.8E-03     40  4.0E-02  2.9E-02 -1.3061405E+00   25598           12 4.5E+03 2.0E+01 _ M
 Itn    329: Hessian off-diagonals discarded
    361    12     32 6.7E-03     45  4.2E-02  3.1E-01 -1.3239013E+00   25607           40 5.8E+03 2.0E+01 _ MR
    376    13     15 6.9E-03     50  4.2E-02  3.6E-01 -1.3358778E+00   25631           48 2.4E+02 2.0E+01 _sM
    392    14     16 2.9E-02     56  4.5E-02  1.5E-01 -1.3666606E+00   25295     6     33 4.2E+01 2.0E+01 _ m
    405    15     13 5.9E-03     61  4.6E-02  1.2E-01 -1.3750686E+00   25820           35 1.2E+02 2.0E+01 _ m
    422    16     17 5.9E-03     66  4.7E-02  5.1E-02 -1.3813307E+00   25512           37 2.8E+01 2.0E+01 _ m
    442    17     20 6.0E-03     71  4.8E-02  3.7E-02 -1.3898207E+00   25865           40 3.8E+01 2.0E+01 _ M
    467    18     25 2.1E-02     77  5.6E-02  3.0E-02 -1.4136514E+00   25737           43 2.5E+01 2.0E+01 _ M
    476    19      9 6.3E-03     82  5.6E-02  2.5E-02 -1.4201574E+00   25799           45 2.4E+01 2.0E+01 _ M

   Itns Major Minors    Step   nCon Feasible  Optimal  MeritFunction     L+U BSwap     nS condZHZ Penalty
    479    20      3 7.6E-03     87  5.6E-02  2.1E-02 -1.4269611E+00   25549           45 2.2E+01 2.0E+01 _ M
    486    21      7 8.3E-03     92  5.7E-02  2.0E-02 -1.4334243E+00   25542           47 2.3E+01 2.0E+01 _ M
    491    22      5 9.4E-03     97  5.7E-02  7.8E-03 -1.4395790E+00   25532           47 2.1E+01 2.0E+01 _ M
 Itn    491: Hessian off-diagonals discarded
    493    23      2 7.2E-03    102  5.7E-02  6.5E-02 -1.4440730E+00   25289           48 1.6E+01 2.0E+01 _ MR
    515    24     22 2.0E-01    106  2.0E-01  6.5E-03 -1.4679470E+00   25665    24     27 5.3E+01 2.0E+01 _sM
    522    25      7 4.9E-03    110  2.0E-01  6.6E-03 -1.4709058E+00   25449           32 6.8E+01 2.0E+01 _
    529    26      7 4.8E-03    114  2.0E-01  6.7E-03 -1.4731518E+00   25348           34 6.0E+01 2.0E+01 _
    534    27      5 5.0E-03    118  2.0E-01  6.8E-03 -1.4755636E+00   25614           30 1.7E+02 2.0E+01 _
    536    28      2 4.9E-03    122  2.0E-01  7.0E-03 -1.4778526E+00   25230           29 1.8E+02 2.0E+01 _
    544    29      8 4.8E-03    127  2.0E-01  8.2E-03 -1.4798931E+00   25474           32 3.4E+02 2.0E+01 _ M
    554    30     10 4.8E-03    132  2.0E-01  9.5E-03 -1.4817206E+00   25554           30 3.3E+02 2.0E+01 _ M
    562    31      8 4.6E-03    136  2.0E-01  7.6E-03 -1.4831050E+00   25230           33 4.2E+02 2.0E+01 _
    566    32      4 4.6E-03    141  2.0E-01  1.1E-02 -1.4844140E+00   25321           32 3.1E+02 2.0E+01 _ m
    576    33     10 4.3E-03    145  2.0E-01  9.7E-03 -1.4853605E+00   25765     6     31 2.9E+02 2.0E+01 _
 Itn    576: Hessian off-diagonals discarded
    601    34     25 4.5E-03    149  2.0E-01  5.4E-03 -1.4861087E+00   25751           48 5.1E+02 2.0E+01 _  R
    603    35      2 1.1E-01    152  1.8E-01  9.7E-03 -1.4773137E+00   25634           47 3.2E+02 2.0E+01 _s
    605    36      2 5.8E-03    156  1.8E-01  5.1E-03 -1.4779348E+00   25540           48 3.1E+02 2.0E+01 _
    606    37      1 1.5E-01    159  1.9E-01  5.3E-03 -1.4837640E+00   25540           48 1.4E+02 2.0E+01 _
    607    38      1 5.5E-03    163  1.8E-01  5.2E-03 -1.4817689E+00   25540           48 1.9E+02 2.0E+01 _
    609    39      2 6.6E-03    167  1.9E-01  4.8E-03 -1.4822930E+00   25672           47 1.1E+02 2.0E+01 _

   Itns Major Minors    Step   nCon Feasible  Optimal  MeritFunction     L+U BSwap     nS condZHZ Penalty
    610    40      1 5.0E-03    171  1.9E-01  5.3E-03 -1.4827359E+00   25540           47 1.0E+02 2.0E+01 _
    612    41      2 5.2E-03    175  1.9E-01  9.0E-03 -1.4832484E+00   25540           46 9.9E+01 2.0E+01 _
    613    42      1 5.6E-03    179  1.9E-01  5.0E-03 -1.4840930E+00   25540           46 9.5E+01 2.0E+01 _
    615    43      2 5.8E-03    183  1.9E-01  5.5E-03 -1.4849572E+00   25540           47 9.0E+02 2.0E+01 _
    616    44      1 7.3E-03    187  1.9E-01  5.2E-03 -1.4860903E+00   25392     5     47 5.2E+02 2.0E+01 _
 Itn    616: Hessian off-diagonals discarded
    619    45      3 7.2E-03    192  1.9E-01  6.4E-03 -1.4875093E+00   25507           48 6.2E+02 2.0E+01 _ mR
    620    46      1 1.0E+00    193  1.1E-01  5.9E-03 -1.5031207E+00   25392           48 4.5E+02 2.0E+01 _s
    621    47      1 5.3E-01    195  7.3E-02  5.5E-03 -1.5066832E+00   25392           48 4.3E+02 2.0E+01 _
    622    48      1 3.1E-01    197  1.1E-01  5.4E-03 -1.5074871E+00   25392           48 5.1E+02 2.0E+01 _
    623    49      1 1.9E-01    200  9.8E-02  5.2E-03 -1.5090609E+00   25392           48 5.4E+02 2.0E+01 _
    624    50      1 1.5E-01    203  8.4E-02  4.6E-03 -1.5107808E+00   25440     3     48 5.2E+02 2.0E+01 _
    625    51      1 4.0E-01    205  5.6E-02  7.2E-03 -1.5149998E+00   25440           48 4.1E+02 2.0E+01 _
    626    52      1 3.2E-01    207  6.0E-02  3.5E-03 -1.5158370E+00   25440           48 4.2E+02 2.0E+01 _
    627    53      1 3.8E-01    209  4.1E-02  2.5E-03 -1.5179549E+00   25440           48 5.3E+02 2.0E+01 _
    628    54      1 3.6E-01    211  4.1E-02  2.9E-03 -1.5198072E+00   25516     4     48 5.5E+02 2.0E+01 _
    629    55      1 3.2E-01    213  5.4E-02  1.7E-03 -1.5211131E+00   25516           48 6.5E+02 2.0E+01 _
 Itn    629: Hessian off-diagonals discarded
    630    56      1 4.2E-01    215  3.8E-02  1.7E-03 -1.5228936E+00   25516           48 9.4E+02 2.0E+01 _  R
    631    57      1 3.6E-01    217  3.8E-02  1.8E-03 -1.5236840E+00   25445     6     48 4.4E+02 2.0E+01 _s
    632    58      1 1.0E+00    218  8.3E-03  9.5E-04 -1.5247010E+00   25445           48 4.6E+02 2.0E+01 _
    633    59      1 1.0E+00    219  2.1E-03  8.3E-04 -1.5249078E+00   25445           48 4.2E+02 2.0E+01 _

   Itns Major Minors    Step   nCon Feasible  Optimal  MeritFunction     L+U BSwap     nS condZHZ Penalty
    634    60      1 1.0E+00    220  1.0E-02  6.7E-04 -1.5250737E+00   25445           48 4.0E+02 2.0E+01 _
    635    61      1 1.0E+00    221  8.4E-04  5.8E-04 -1.5251355E+00   25445           48 4.0E+02 2.0E+01 _
    636    62      1 1.0E+00    222  5.6E-04  4.5E-04 -1.5251867E+00   25444     2     48 4.2E+02 2.0E+01 _
    637    63      1 1.0E+00    223  4.9E-04  2.4E-04 -1.5252249E+00   25444           48 4.3E+02 2.0E+01 _
    638    64      1 1.0E+00    224  5.9E-04  1.7E-04 -1.5252454E+00   25444           48 4.3E+02 2.0E+01 _
    639    65      1 1.0E+00    225  1.7E-04  1.5E-04 -1.5252528E+00   25444           48 4.2E+02 2.0E+01 _
    640    66      1 1.0E+00    226  1.7E-05  1.3E-04 -1.5252556E+00   25444           48 4.0E+02 2.0E+01 _
 Itn    640: Hessian off-diagonals discarded
    641    67      1 1.0E+00    227  6.4E-06  1.1E-04 -1.5252573E+00   25444           48 4.2E+02 2.0E+01 _  R
    642    68      1 1.0E+00    228  4.4E-06  9.7E-05 -1.5252583E+00   25444           48 4.0E+02 2.0E+01 _s
    643    69      1 1.0E+00    229  4.1E-05  5.9E-05 -1.5252596E+00   25444           48 3.9E+02 2.0E+01 _
    644    70      1 1.0E+00    230  2.3E-05  3.2E-05 -1.5252601E+00   25444           48 4.0E+02 2.0E+01 _
    645    71      1 1.0E+00    231  2.7E-05  2.1E-05 -1.5252605E+00   25444           48 4.0E+02 2.0E+01 _
    646    72      1 1.0E+00    232  1.3E-05  1.6E-05 -1.5252605E+00   25369     2     48 3.9E+02 2.0E+01 _
    647    73      1 1.0E+00    233  4.2E-06  7.8E-06 -1.5252606E+00   25369           48 3.9E+02 2.0E+01 _
    648    74      1 1.0E+00    234  1.9E-06  6.4E-06 -1.5252606E+00   25369           48 3.8E+02 2.0E+01 _
    649    75      1 1.0E+00    235 (4.3E-07) 3.7E-06 -1.5252607E+00   25369           48 3.8E+02 2.0E+01 _
    650    76      1 1.0E+00    236 (1.4E-07)(2.0E-06)-1.5252607E+00   25369           48 3.8E+02 2.0E+01 _
1
 
 SNOPTA EXIT   0 -- finished successfully
 SNOPTA INFO   1 -- optimality conditions satisfied

 Problem name
 No. of iterations                 650   Objective           -1.5252606709E+00
 No. of major iterations            76   Linear    obj. term  0.0000000000E+00
 Penalty parameter           2.035E+01   Nonlinear obj. term -1.5252606709E+00
 User function calls (total)       236
 No. of superbasics                 48   No. of basic nonlinears           301
 No. of degenerate steps            33   Percentage                       5.08
 Max x                     357 3.3E+00   Max pi                    201 1.3E+00
 Max Primal infeas           0 0.0E+00   Max Dual infeas           324 2.5E-06
 Nonlinear constraint violn    4.7E-07
1
 
 Name                                    Objective Value     -1.5252606709E+00

 Status         Optimal Soln             Iteration    650    Superbasics    48

 Objective               (Min)
 RHS
 Ranges
 Bounds

 Section 1 - Constraints

  Number  ...Row.. State  ...Value......  Slack Value...  ..Lower Limit.  ..Upper Limit.  .Dual Variable    ..i
 
     358  r      1    BS          .               .                None            None         -1.0          1
     359  r      2    EQ         0.00000         0.00000          .               .             -0.00150      2
     360  r      3    EQ        -0.00000        -0.00000          .               .             -0.00922      3
     361  r      4    EQ        -0.00000        -0.00000          .               .             -0.01648      4
     362  r      5    EQ        -0.00000        -0.00000          .               .             -0.02351      5
     363  r      6    EQ        -0.00000        -0.00000          .               .             -0.03022      6
     364  r      7    EQ         0.00000         0.00000          .               .             -0.03651      7
     365  r      8    EQ         0.00000         0.00000          .               .             -0.04231      8
     366  r      9    EQ        -0.00000        -0.00000          .               .             -0.04754      9
     367  r     10    EQ         0.00000         0.00000          .               .             -0.05214     10
     368  r     11    EQ         0.00000         0.00000          .               .             -0.05606     11
     369  r     12    EQ        -0.00000        -0.00000          .               .             -0.05926     12
     370  r     13    EQ         0.00000         0.00000          .               .             -0.06172     13
     371  r     14    EQ         0.00000         0.00000          .               .             -0.06348     14
     372  r     15    EQ        -0.00000        -0.00000          .               .             -0.06455     15
     373  r     16    EQ         0.00000         0.00000          .               .             -0.06500     16
     374  r     17    EQ        -0.00000        -0.00000          .               .             -0.06493     17
     375  r     18    EQ         0.00000         0.00000          .               .             -0.06444     18
     376  r     19    EQ         0.00000         0.00000          .               .             -0.06366     19
     377  r     20    EQ         0.00000         0.00000          .               .             -0.06273     20
     378  r     21    EQ        -0.00000        -0.00000          .               .             -0.06175     21
     379  r     22    EQ         0.00000         0.00000          .               .             -0.06084     22
     380  r     23    EQ        -0.00000        -0.00000          .               .             -0.06006     23
     381  r     24    EQ         0.00000         0.00000          .               .             -0.05947     24
     382  r     25    EQ         0.00000         0.00000          .               .             -0.05907     25
     383  r     26    EQ         0.00000         0.00000          .               .             -0.05885     26
     384  r     27    EQ        -0.00000        -0.00000          .               .             -0.05878     27
     385  r     28    EQ        -0.00000        -0.00000          .               .             -0.05880     28
     386  r     29    EQ        -0.00000        -0.00000          .               .             -0.05888     29
     387  r     30    EQ         0.00000         0.00000          .               .             -0.05896     30
     388  r     31    EQ        -0.00000        -0.00000          .               .             -0.05899     31
     389  r     32    EQ         0.00000         0.00000          .               .             -0.05891     32
     390  r     33    EQ         0.00000         0.00000          .               .             -0.05868     33
     391  r     34    EQ         0.00000         0.00000          .               .             -0.05826     34
     392  r     35    EQ         0.00000         0.00000          .               .             -0.05760     35
     393  r     36    EQ         0.00000         0.00000          .               .             -0.05667     36
     394  r     37    EQ        -0.00000        -0.00000          .               .             -0.05544     37
     395  r     38    EQ         0.00000         0.00000          .               .             -0.05389     38
     396  r     39    EQ        -0.00000        -0.00000          .               .             -0.05199     39
     397  r     40    EQ         0.00000         0.00000          .               .             -0.04973     40
     398  r     41    EQ         0.00000         0.00000          .               .             -0.04711     41
     399  r     42    EQ        -0.00000        -0.00000          .               .             -0.04412     42
     400  r     43    EQ        -0.00000        -0.00000          .               .             -0.04077     43
     401  r     44    EQ        -0.00000        -0.00000          .               .             -0.03708     44
     402  r     45    EQ        -0.00000        -0.00000          .               .             -0.03306     45
     403  r     46    EQ        -0.00000        -0.00000          .               .             -0.02873     46
     404  r     47    EQ         0.00000         0.00000          .               .             -0.02415     47
     405  r     48    EQ        -0.00000        -0.00000          .               .             -0.01933     48
     406  r     49    EQ        -0.00000        -0.00000          .               .             -0.01433     49
     407  r     50    EQ        -0.00000        -0.00000          .               .             -0.00919     50
     408  r     51    EQ         0.00000         0.00000          .               .             -0.00396     51
     409  r     52 A  EQ         0.00000         0.00000          .               .              0.00000     52
     410  r     53 A  EQ        -0.00000        -0.00000          .               .              0.00000     53
     411  r     54 A  EQ         0.00000         0.00000          .               .              0.00000     54
     412  r     55 A  EQ        -0.00000        -0.00000          .               .              0.00000     55
     413  r     56 A  EQ         0.00000         0.00000          .               .              0.00000     56
     414  r     57 A  EQ         0.00000         0.00000          .               .              0.00000     57
     415  r     58 A  EQ         0.00000         0.00000          .               .              0.00000     58
     416  r     59 A  EQ        -0.00000        -0.00000          .               .              0.00000     59
     417  r     60 A  EQ         0.00000         0.00000          .               .              0.00000     60
     418  r     61 A  EQ         0.00000         0.00000          .               .              0.00000     61
     419  r     62 A  EQ        -0.00000        -0.00000          .               .              0.00000     62
     420  r     63 A  EQ        -0.00000        -0.00000          .               .              0.00000     63
     421  r     64 A  EQ        -0.00000        -0.00000          .               .              0.00000     64
     422  r     65 A  EQ        -0.00000        -0.00000          .               .              0.00000     65
     423  r     66 A  EQ        -0.00000        -0.00000          .               .              0.00000     66
     424  r     67 A  EQ        -0.00000        -0.00000          .               .              0.00000     67
     425  r     68 A  EQ        -0.00000        -0.00000          .               .              0.00000     68
     426  r     69 A  EQ        -0.00000        -0.00000          .               .              0.00000     69
     427  r     70 A  EQ        -0.00000        -0.00000          .               .              0.00000     70
     428  r     71 A  EQ        -0.00000        -0.00000          .               .              0.00000     71
     429  r     72 A  EQ        -0.00000        -0.00000          .               .              0.00000     72
     430  r     73 A  EQ        -0.00000        -0.00000          .               .              0.00000     73
     431  r     74 A  EQ        -0.00000        -0.00000          .               .              0.00000     74
     432  r     75 A  EQ        -0.00000        -0.00000          .               .              0.00000     75
     433  r     76 A  EQ        -0.00000        -0.00000          .               .              0.00000     76
     434  r     77 A  EQ         0.00000         0.00000          .               .              0.00000     77
     435  r     78 A  EQ        -0.00000        -0.00000          .               .              0.00000     78
     436  r     79 A  EQ        -0.00000        -0.00000          .               .              0.00000     79
     437  r     80 A  EQ        -0.00000        -0.00000          .               .              0.00000     80
     438  r     81 A  EQ        -0.00000        -0.00000          .               .              0.00000     81
     439  r     82 A  EQ        -0.00000        -0.00000          .               .              0.00000     82
     440  r     83 A  EQ        -0.00000        -0.00000          .               .              0.00000     83
     441  r     84 A  EQ        -0.00000        -0.00000          .               .              0.00000     84
     442  r     85 A  EQ        -0.00000        -0.00000          .               .              0.00000     85
     443  r     86 A  EQ        -0.00000        -0.00000          .               .              0.00000     86
     444  r     87 A  EQ        -0.00000        -0.00000          .               .              0.00000     87
     445  r     88 A  EQ        -0.00000        -0.00000          .               .              0.00000     88
     446  r     89 A  EQ         0.00000         0.00000          .               .              0.00000     89
     447  r     90 A  EQ        -0.00000        -0.00000          .               .              0.00000     90
     448  r     91 A  EQ        -0.00000        -0.00000          .               .              0.00000     91
     449  r     92 A  EQ        -0.00000        -0.00000          .               .              0.00000     92
     450  r     93 A  EQ        -0.00000        -0.00000          .               .              0.00000     93
     451  r     94 A  EQ        -0.00000        -0.00000          .               .              0.00000     94
     452  r     95 A  EQ        -0.00000        -0.00000          .               .              0.00000     95
     453  r     96 A  EQ        -0.00000        -0.00000          .               .              0.00000     96
     454  r     97 A  EQ        -0.00000        -0.00000          .               .              0.00000     97
     455  r     98 A  EQ        -0.00000        -0.00000          .               .              0.00000     98
     456  r     99 A  EQ         0.00000         0.00000          .               .              0.00000     99
     457  r    100 A  EQ        -0.00000        -0.00000          .               .              0.00000    100
     458  r    101 A  EQ        -0.00000        -0.00000          .               .              0.00000    101
     459  r    102    EQ         0.00000         0.00000          .               .             -0.00074    102
     460  r    103    EQ        -0.00000        -0.00000          .               .             -0.00458    103
     461  r    104    EQ         0.00000         0.00000          .               .             -0.00824    104
     462  r    105    EQ         0.00000         0.00000          .               .             -0.01189    105
     463  r    106    EQ        -0.00000        -0.00000          .               .             -0.01552    106
     464  r    107    EQ        -0.00000        -0.00000          .               .             -0.01911    107
     465  r    108    EQ         0.00000         0.00000          .               .             -0.02264    108
     466  r    109    EQ        -0.00000        -0.00000          .               .             -0.02607    109
     467  r    110    EQ        -0.00000        -0.00000          .               .             -0.02935    110
     468  r    111    EQ        -0.00000        -0.00000          .               .             -0.03243    111
     469  r    112    EQ        -0.00000        -0.00000          .               .             -0.03524    112
     470  r    113    EQ        -0.00000        -0.00000          .               .             -0.03768    113
     471  r    114    EQ        -0.00000        -0.00000          .               .             -0.03967    114
     472  r    115    EQ        -0.00000        -0.00000          .               .             -0.04111    115
     473  r    116    EQ        -0.00000        -0.00000          .               .             -0.04188    116
     474  r    117    EQ        -0.00000        -0.00000          .               .             -0.04191    117
     475  r    118    EQ        -0.00000        -0.00000          .               .             -0.04111    118
     476  r    119    EQ        -0.00000        -0.00000          .               .             -0.03944    119
     477  r    120    EQ        -0.00000        -0.00000          .               .             -0.03688    120
     478  r    121    EQ        -0.00000        -0.00000          .               .             -0.03346    121
     479  r    122    EQ        -0.00000        -0.00000          .               .             -0.02924    122
     480  r    123    EQ        -0.00000        -0.00000          .               .             -0.02431    123
     481  r    124    EQ        -0.00000        -0.00000          .               .             -0.01881    124
     482  r    125    EQ        -0.00000        -0.00000          .               .             -0.01288    125
     483  r    126    EQ        -0.00000        -0.00000          .               .             -0.00666    126
     484  r    127    EQ        -0.00000        -0.00000          .               .             -0.00033    127
     485  r    128    EQ        -0.00000        -0.00000          .               .              0.00599    128
     486  r    129    EQ        -0.00000        -0.00000          .               .              0.01217    129
     487  r    130    EQ        -0.00000        -0.00000          .               .              0.01810    130
     488  r    131    EQ        -0.00000        -0.00000          .               .              0.02367    131
     489  r    132    EQ        -0.00000        -0.00000          .               .              0.02881    132
     490  r    133    EQ        -0.00000        -0.00000          .               .              0.03341    133
     491  r    134    EQ        -0.00000        -0.00000          .               .              0.03742    134
     492  r    135    EQ        -0.00000        -0.00000          .               .              0.04078    135
     493  r    136    EQ        -0.00000        -0.00000          .               .              0.04343    136
     494  r    137    EQ        -0.00000        -0.00000          .               .              0.04534    137
     495  r    138    EQ        -0.00000        -0.00000          .               .              0.04648    138
     496  r    139    EQ        -0.00000        -0.00000          .               .              0.04686    139
     497  r    140    EQ         0.00000         0.00000          .               .              0.04648    140
     498  r    141    EQ        -0.00000        -0.00000          .               .              0.04535    141
     499  r    142    EQ        -0.00000        -0.00000          .               .              0.04351    142
     500  r    143    EQ        -0.00000        -0.00000          .               .              0.04099    143
     501  r    144    EQ        -0.00000        -0.00000          .               .              0.03787    144
     502  r    145    EQ        -0.00000        -0.00000          .               .              0.03418    145
     503  r    146    EQ        -0.00000        -0.00000          .               .              0.03000    146
     504  r    147    EQ        -0.00000        -0.00000          .               .              0.02539    147
     505  r    148    EQ        -0.00000        -0.00000          .               .              0.02044    148
     506  r    149    EQ        -0.00000        -0.00000          .               .              0.01521    149
     507  r    150    EQ        -0.00000        -0.00000          .               .              0.00978    150
     508  r    151    EQ        -0.00000        -0.00000          .               .              0.00422    151
     509  r    152    EQ        -0.00000        -0.00000          .               .             -0.00162    152
     510  r    153    EQ         0.00000         0.00000          .               .             -0.00993    153
     511  r    154    EQ        -0.00000        -0.00000          .               .             -0.01765    154
     512  r    155    EQ         0.00000         0.00000          .               .             -0.02498    155
     513  r    156    EQ        -0.00000        -0.00000          .               .             -0.03174    156
     514  r    157    EQ        -0.00000        -0.00000          .               .             -0.03779    157
     515  r    158    EQ         0.00000         0.00000          .               .             -0.04298    158
     516  r    159    EQ        -0.00000        -0.00000          .               .             -0.04716    159
     517  r    160    EQ        -0.00000        -0.00000          .               .             -0.05022    160
     518  r    161    EQ        -0.00000        -0.00000          .               .             -0.05209    161
     519  r    162    EQ        -0.00000        -0.00000          .               .             -0.05271    162
     520  r    163    EQ        -0.00000        -0.00000          .               .             -0.05206    163
     521  r    164    EQ        -0.00000        -0.00000          .               .             -0.05017    164
     522  r    165    EQ        -0.00000        -0.00000          .               .             -0.04713    165
     523  r    166    EQ        -0.00000        -0.00000          .               .             -0.04307    166
     524  r    167    EQ        -0.00000        -0.00000          .               .             -0.03817    167
     525  r    168    EQ        -0.00000        -0.00000          .               .             -0.03267    168
     526  r    169    EQ        -0.00000        -0.00000          .               .             -0.02683    169
     527  r    170    EQ        -0.00000        -0.00000          .               .             -0.02092    170
     528  r    171    EQ        -0.00000        -0.00000          .               .             -0.01523    171
     529  r    172    EQ         0.00000         0.00000          .               .             -0.01002    172
     530  r    173    EQ         0.00000         0.00000          .               .             -0.00551    173
     531  r    174    EQ         0.00000         0.00000          .               .             -0.00187    174
     532  r    175    EQ         0.00000         0.00000          .               .              0.00078    175
     533  r    176    EQ         0.00000         0.00000          .               .              0.00241    176
     534  r    177    EQ        -0.00000        -0.00000          .               .              0.00302    177
     535  r    178    EQ        -0.00000        -0.00000          .               .              0.00270    178
     536  r    179    EQ        -0.00000        -0.00000          .               .              0.00154    179
     537  r    180    EQ        -0.00000        -0.00000          .               .             -0.00033    180
     538  r    181    EQ        -0.00000        -0.00000          .               .             -0.00280    181
     539  r    182    EQ        -0.00000        -0.00000          .               .             -0.00572    182
     540  r    183    EQ         0.00000         0.00000          .               .             -0.00897    183
     541  r    184    EQ         0.00000         0.00000          .               .             -0.01240    184
     542  r    185    EQ         0.00000         0.00000          .               .             -0.01586    185
     543  r    186    EQ         0.00000         0.00000          .               .             -0.01923    186
     544  r    187    EQ         0.00000         0.00000          .               .             -0.02236    187
     545  r    188    EQ         0.00000         0.00000          .               .             -0.02513    188
     546  r    189    EQ         0.00000         0.00000          .               .             -0.02742    189
     547  r    190    EQ        -0.00000        -0.00000          .               .             -0.02915    190
     548  r    191    EQ         0.00000         0.00000          .               .             -0.03023    191
     549  r    192    EQ         0.00000         0.00000          .               .             -0.03060    192
     550  r    193    EQ         0.00000         0.00000          .               .             -0.03022    193
     551  r    194    EQ         0.00000         0.00000          .               .             -0.02909    194
     552  r    195    EQ         0.00000         0.00000          .               .             -0.02721    195
     553  r    196    EQ         0.00000         0.00000          .               .             -0.02462    196
     554  r    197    EQ         0.00000         0.00000          .               .             -0.02138    197
     555  r    198    EQ         0.00000         0.00000          .               .             -0.01756    198
     556  r    199    EQ         0.00000         0.00000          .               .             -0.01327    199
     557  r    200    EQ         0.00000         0.00000          .               .             -0.00862    200
     558  r    201    EQ         0.00000         0.00000          .               .             -0.00375    201
     559  r    202    EQ        -0.00000        -0.00000          .               .              0.00046    202
     560  r    203    EQ         0.00000         0.00000          .               .              0.00283    203
     561  r    204    EQ         0.00000         0.00000          .               .              0.00506    204
     562  r    205    EQ        -0.00000        -0.00000          .               .              0.00721    205
     563  r    206    EQ         0.00000         0.00000          .               .              0.00926    206
     564  r    207    EQ        -0.00000        -0.00000          .               .              0.01118    207
     565  r    208    EQ         0.00000         0.00000          .               .              0.01294    208
     566  r    209    EQ        -0.00000        -0.00000          .               .              0.01454    209
     567  r    210    EQ         0.00000         0.00000          .               .              0.01596    210
     568  r    211    EQ        -0.00000        -0.00000          .               .              0.01718    211
     569  r    212    EQ         0.00000         0.00000          .               .              0.01822    212
     570  r    213    EQ         0.00000         0.00000          .               .              0.01906    213
     571  r    214    EQ         0.00000         0.00000          .               .              0.01973    214
     572  r    215    EQ        -0.00000        -0.00000          .               .              0.02022    215
     573  r    216    EQ         0.00000         0.00000          .               .              0.02057    216
     574  r    217    EQ        -0.00000        -0.00000          .               .              0.02079    217
     575  r    218    EQ        -0.00000        -0.00000          .               .              0.02090    218
     576  r    219    EQ         0.00000         0.00000          .               .              0.02092    219
     577  r    220    EQ        -0.00000        -0.00000          .               .              0.02088    220
     578  r    221    EQ         0.00000         0.00000          .               .              0.02080    221
     579  r    222    EQ         0.00000         0.00000          .               .              0.02068    222
     580  r    223    EQ        -0.00000        -0.00000          .               .              0.02056    223
     581  r    224    EQ         0.00000         0.00000          .               .              0.02044    224
     582  r    225    EQ         0.00000         0.00000          .               .              0.02033    225
     583  r    226    EQ        -0.00000        -0.00000          .               .              0.02025    226
     584  r    227    EQ        -0.00000        -0.00000          .               .              0.02018    227
     585  r    228    EQ        -0.00000        -0.00000          .               .              0.02004    228
     586  r    229    EQ         0.00000         0.00000          .               .              0.01971    229
     587  r    230    EQ         0.00000         0.00000          .               .              0.01920    230
     588  r    231    EQ        -0.00000        -0.00000          .               .              0.01850    231
     589  r    232    EQ        -0.00000        -0.00000          .               .              0.01762    232
     590  r    233    EQ        -0.00000        -0.00000          .               .              0.01658    233
     591  r    234    EQ         0.00000         0.00000          .               .              0.01540    234
     592  r    235    EQ         0.00000         0.00000          .               .              0.01410    235
     593  r    236    EQ         0.00000         0.00000          .               .              0.01272    236
     594  r    237    EQ        -0.00000        -0.00000          .               .              0.01128    237
     595  r    238    EQ         0.00000         0.00000          .               .              0.00982    238
     596  r    239    EQ         0.00000         0.00000          .               .              0.00837    239
     597  r    240    EQ         0.00000         0.00000          .               .              0.00698    240
     598  r    241    EQ        -0.00000        -0.00000          .               .              0.00566    241
     599  r    242    EQ        -0.00000        -0.00000          .               .              0.00445    242
     600  r    243    EQ         0.00000         0.00000          .               .              0.00337    243
     601  r    244    EQ         0.00000         0.00000          .               .              0.00245    244
     602  r    245    EQ         0.00000         0.00000          .               .              0.00168    245
     603  r    246    EQ        -0.00000        -0.00000          .               .              0.00107    246
     604  r    247    EQ        -0.00000        -0.00000          .               .              0.00062    247
     605  r    248    EQ        -0.00000        -0.00000          .               .              0.00031    248
     606  r    249    EQ        -0.00000        -0.00000          .               .              0.00013    249
     607  r    250    EQ        -0.00000        -0.00000          .               .              0.00003    250
     608  r    251    EQ        -0.00000        -0.00000          .               .              0.00000    251
     609  r    252    EQ         1.00000         0.00000         1.0             1.0            -0.00021    252
     610  r    253    EQ         1.00000         0.00000         1.0             1.0            -0.00128    253
     611  r    254    EQ         1.00000         0.00000         1.0             1.0            -0.00227    254
     612  r    255    EQ         1.00000         0.00000         1.0             1.0            -0.00323    255
     613  r    256    EQ         1.00000         0.00000         1.0             1.0            -0.00414    256
     614  r    257    EQ         1.00000         0.00000         1.0             1.0            -0.00497    257
     615  r    258    EQ         1.00000         0.00000         1.0             1.0            -0.00572    258
     616  r    259    EQ         1.00000         0.00000         1.0             1.0            -0.00636    259
     617  r    260    EQ         1.00000         0.00000         1.0             1.0            -0.00690    260
     618  r    261    EQ         1.00000         0.00000         1.0             1.0            -0.00731    261
     619  r    262    EQ         1.00000         0.00000         1.0             1.0            -0.00758    262
     620  r    263    EQ         1.00000         0.00000         1.0             1.0            -0.00772    263
     621  r    264    EQ         1.00000         0.00000         1.0             1.0            -0.00773    264
     622  r    265    EQ         1.00000         0.00000         1.0             1.0            -0.00760    265
     623  r    266    EQ         1.00000         0.00000         1.0             1.0            -0.00735    266
     624  r    267    EQ         1.00000         0.00000         1.0             1.0            -0.00698    267
     625  r    268    EQ         1.00000         0.00000         1.0             1.0            -0.00651    268
     626  r    269    EQ         1.00000         0.00000         1.0             1.0            -0.00596    269
     627  r    270    EQ         1.00000         0.00000         1.0             1.0            -0.00533    270
     628  r    271    EQ         1.00000         0.00000         1.0             1.0            -0.00466    271
     629  r    272    EQ         1.00000         0.00000         1.0             1.0            -0.00395    272
     630  r    273    EQ         1.00000         0.00000         1.0             1.0            -0.00321    273
     631  r    274    EQ         1.00000         0.00000         1.0             1.0            -0.00246    274
     632  r    275    EQ         1.00000         0.00000         1.0             1.0            -0.00169    275
     633  r    276    EQ         1.00000         0.00000         1.0             1.0            -0.00094    276
     634  r    277    EQ         1.00000         0.00000         1.0             1.0            -0.00041    277
     635  r    278    EQ         1.00000         0.00000         1.0             1.0            -0.00089    278
     636  r    279    EQ         1.00000         0.00000         1.0             1.0            -0.00167    279
     637  r    280    EQ         1.00000         0.00000         1.0             1.0            -0.00248    280
     638  r    281    EQ         1.00000         0.00000         1.0             1.0            -0.00330    281
     639  r    282    EQ         1.00000         0.00000         1.0             1.0            -0.00410    282
     640  r    283    EQ         1.00000         0.00000         1.0             1.0            -0.00487    283
     641  r    284    EQ         1.00000         0.00000         1.0             1.0            -0.00560    284
     642  r    285    EQ         1.00000         0.00000         1.0             1.0            -0.00627    285
     643  r    286    EQ         1.00000         0.00000         1.0             1.0            -0.00686    286
     644  r    287    EQ         1.00000         0.00000         1.0             1.0            -0.00736    287
     645  r    288    EQ         1.00000         0.00000         1.0             1.0            -0.00775    288
     646  r    289    EQ         1.00000         0.00000         1.0             1.0            -0.00802    289
     647  r    290    EQ         1.00000         0.00000         1.0             1.0            -0.00816    290
     648  r    291    EQ         1.00000         0.00000         1.0             1.0            -0.00816    291
     649  r    292    EQ         1.00000         0.00000         1.0             1.0            -0.00801    292
     650  r    293    EQ         1.00000         0.00000         1.0             1.0            -0.00772    293
     651  r    294    EQ         1.00000         0.00000         1.0             1.0            -0.00727    294
     652  r    295    EQ         1.00000         0.00000         1.0             1.0            -0.00668    295
     653  r    296    EQ         1.00000         0.00000         1.0             1.0            -0.00596    296
     654  r    297    EQ         1.00000         0.00000         1.0             1.0            -0.00511    297
     655  r    298    EQ         1.00000         0.00000         1.0             1.0            -0.00416    298
     656  r    299    EQ         1.00000         0.00000         1.0             1.0            -0.00313    299
     657  r    300    EQ         1.00000         0.00000         1.0             1.0            -0.00202    300
     658  r    301    EQ         1.00000         0.00000         1.0             1.0            -0.00088    301
     659  r    302    EQ          .               .               .               .             -1.26595    302
1
 
 Section 2 - Variables

  Number  .Column. State  ...Value......  .Obj Gradient.  ..Lower Limit.  ..Upper Limit.  .Dual Variable    m+j
 
       1  x      1    EQ         1.0              .              1.0             1.0            -1.87686    303
       2  x      2    BS         1.00000          .              0.50000         5.00000        -0.00000    304
       3  x      3    BS         1.00001          .              0.50000         5.00000         0.00000    305
       4  x      4    BS         1.00004          .              0.50000         5.00000         0.00000    306
       5  x      5    BS         1.00011          .              0.50000         5.00000        -0.00000    307
       6  x      6    BS         1.00027          .              0.50000         5.00000        -0.00000    308
       7  x      7    BS         1.00057          .              0.50000         5.00000         0.00000    309
       8  x      8    BS         1.00109          .              0.50000         5.00000        -0.00000    310
       9  x      9    BS         1.00192          .              0.50000         5.00000        -0.00000    311
      10  x     10    BS         1.00321          .              0.50000         5.00000        -0.00000    312
      11  x     11    BS         1.00512          .              0.50000         5.00000        -0.00000    313
      12  x     12    BS         1.00784          .              0.50000         5.00000        -0.00000    314
      13  x     13    BS         1.01160          .              0.50000         5.00000        -0.00000    315
      14  x     14    BS         1.01667          .              0.50000         5.00000        -0.00000    316
      15  x     15    BS         1.02332          .              0.50000         5.00000        -0.00000    317
      16  x     16    BS         1.03184          .              0.50000         5.00000         0.00000    318
      17  x     17    BS         1.04252          .              0.50000         5.00000         0.00000    319
      18  x     18    BS         1.05563          .              0.50000         5.00000        -0.00000    320
      19  x     19    BS         1.07139          .              0.50000         5.00000        -0.00000    321
      20  x     20    BS         1.08999          .              0.50000         5.00000        -0.00000    322
      21  x     21    BS         1.11152          .              0.50000         5.00000        -0.00000    323
      22  x     22    BS         1.13599          .              0.50000         5.00000        -0.00000    324
      23  x     23    BS         1.16335          .              0.50000         5.00000        -0.00000    325
      24  x     24    BS         1.19341          .              0.50000         5.00000        -0.00000    326
      25  x     25    BS         1.22591          .              0.50000         5.00000        -0.00000    327
      26  x     26    BS         1.26025          .              0.50000         5.00000        -0.00000    328
      27  x     27    BS         1.29459          .              0.50000         5.00000        -0.00000    329
      28  x     28    BS         1.32687          .              0.50000         5.00000        -0.00000    330
      29  x     29    BS         1.35652          .              0.50000         5.00000        -0.00000    331
      30  x     30    BS         1.38339          .              0.50000         5.00000        -0.00000    332
      31  x     31    BS         1.40740          .              0.50000         5.00000        -0.00000    333
      32  x     32    BS         1.42860          .              0.50000         5.00000        -0.00000    334
      33  x     33    BS         1.44708          .              0.50000         5.00000        -0.00000    335
      34  x     34    BS         1.46295          .              0.50000         5.00000        -0.00000    336
      35  x     35    BS         1.47641          .              0.50000         5.00000        -0.00000    337
      36  x     36    BS         1.48764          .              0.50000         5.00000        -0.00000    338
      37  x     37    BS         1.49687          .              0.50000         5.00000        -0.00000    339
      38  x     38    BS         1.50431          .              0.50000         5.00000        -0.00000    340
      39  x     39    BS         1.51020          .              0.50000         5.00000        -0.00000    341
      40  x     40    BS         1.51476          .              0.50000         5.00000        -0.00000    342
      41  x     41    BS         1.51819          .              0.50000         5.00000        -0.00000    343
      42  x     42    BS         1.52070          .              0.50000         5.00000        -0.00000    344
      43  x     43    BS         1.52247          .              0.50000         5.00000        -0.00000    345
      44  x     44    BS         1.52366          .              0.50000         5.00000        -0.00000    346
      45  x     45    BS         1.52442          .              0.50000         5.00000        -0.00000    347
      46  x     46    BS         1.52487          .              0.50000         5.00000        -0.00000    348
      47  x     47    BS         1.52511          .              0.50000         5.00000        -0.00000    349
      48  x     48    BS         1.52522          .              0.50000         5.00000        -0.00000    350
      49  x     49    BS         1.52525          .              0.50000         5.00000        -0.00000    351
      50  x     50    BS         1.52526          .              0.50000         5.00000        -0.00000    352
      51  x     51    BS         1.52526        -1.0             0.50000         5.00000        -0.00000    353
      52  x     52 A  EQ          .               .               .               .              0.00000    354
      53  x     53    BS         0.00487          .               .             12.56637        -0.00000    355
      54  x     54    BS         0.01633          .               .             12.56637         0.00000    356
      55  x     55    BS         0.03432          .               .             12.56637        -0.00000    357
      56  x     56    BS         0.05880          .               .             12.56637        -0.00000    358
      57  x     57    BS         0.08974          .               .             12.56637        -0.00000    359
      58  x     58    BS         0.12708          .               .             12.56637        -0.00000    360
      59  x     59    BS         0.17073          .               .             12.56637        -0.00000    361
      60  x     60    BS         0.22057          .               .             12.56637        -0.00000    362
      61  x     61    BS         0.27645          .               .             12.56637        -0.00000    363
      62  x     62    BS         0.33817          .               .             12.56637        -0.00000    364
      63  x     63    BS         0.40546          .               .             12.56637        -0.00000    365
      64  x     64    BS         0.47799          .               .             12.56637        -0.00000    366
      65  x     65    BS         0.55531          .               .             12.56637        -0.00000    367
      66  x     66    BS         0.63691          .               .             12.56637        -0.00000    368
      67  x     67    BS         0.72216          .               .             12.56637        -0.00000    369
      68  x     68    BS         0.81033          .               .             12.56637        -0.00000    370
      69  x     69    BS         0.90061          .               .             12.56637        -0.00000    371
      70  x     70    BS         0.99212          .               .             12.56637        -0.00000    372
      71  x     71    BS         1.08392          .               .             12.56637        -0.00000    373
      72  x     72    BS         1.17508          .               .             12.56637        -0.00000    374
      73  x     73    BS         1.26468          .               .             12.56637        -0.00000    375
      74  x     74    BS         1.35191          .               .             12.56637        -0.00000    376
      75  x     75    BS         1.43598          .               .             12.56637        -0.00000    377
      76  x     76    BS         1.51622          .               .             12.56637        -0.00000    378
      77  x     77    BS         1.59188          .               .             12.56637        -0.00000    379
      78  x     78    BS         1.66228          .               .             12.56637        -0.00000    380
      79  x     79    BS         1.72820          .               .             12.56637        -0.00000    381
      80  x     80    BS         1.79038          .               .             12.56637        -0.00000    382
      81  x     81    BS         1.84926          .               .             12.56637        -0.00000    383
      82  x     82    BS         1.90520          .               .             12.56637        -0.00000    384
      83  x     83    BS         1.95842          .               .             12.56637        -0.00000    385
      84  x     84    BS         2.00913          .               .             12.56637        -0.00000    386
      85  x     85    BS         2.05747          .               .             12.56637        -0.00000    387
      86  x     86    BS         2.10352          .               .             12.56637        -0.00000    388
      87  x     87    BS         2.14733          .               .             12.56637        -0.00000    389
      88  x     88    BS         2.18890          .               .             12.56637        -0.00000    390
      89  x     89    BS         2.22819          .               .             12.56637        -0.00000    391
      90  x     90    BS         2.26517          .               .             12.56637        -0.00000    392
      91  x     91    BS         2.29974          .               .             12.56637        -0.00000    393
      92  x     92    BS         2.33180          .               .             12.56637        -0.00000    394
      93  x     93    BS         2.36123          .               .             12.56637        -0.00000    395
      94  x     94    BS         2.38792          .               .             12.56637        -0.00000    396
      95  x     95    BS         2.41174          .               .             12.56637        -0.00000    397
      96  x     96    BS         2.43256          .               .             12.56637        -0.00000    398
      97  x     97    BS         2.45026          .               .             12.56637        -0.00000    399
      98  x     98    BS         2.46474          .               .             12.56637        -0.00000    400
      99  x     99    BS         2.47591          .               .             12.56637        -0.00000    401
     100  x    100    BS         2.48369          .               .             12.56637        -0.00000    402
     101  x    101    BS         2.48803          .               .             12.56637        -0.00000    403
     102  x    102    BS         2.48905          .               .             12.56637        -0.00000    404
     103  x    103    EQ          .               .               .               .             -0.92850    405
     104  x    104    BS         0.00029          .            -10.00000        10.00000        -0.00000    406
     105  x    105    BS         0.00100          .            -10.00000        10.00000         0.00000    407
     106  x    106    BS         0.00219          .            -10.00000        10.00000         0.00000    408
     107  x    107    BS         0.00397          .            -10.00000        10.00000        -0.00000    409
     108  x    108    BS         0.00647          .            -10.00000        10.00000        -0.00000    410
     109  x    109    BS         0.00986          .            -10.00000        10.00000         0.00000    411
     110  x    110    BS         0.01434          .            -10.00000        10.00000        -0.00000    412
     111  x    111    BS         0.02010          .            -10.00000        10.00000         0.00000    413
     112  x    112    BS         0.02737          .            -10.00000        10.00000        -0.00000    414
     113  x    113    BS         0.03635          .            -10.00000        10.00000        -0.00000    415
     114  x    114    BS         0.04724          .            -10.00000        10.00000        -0.00000    416
     115  x    115    BS         0.06019          .            -10.00000        10.00000        -0.00000    417
     116  x    116    BS         0.07530          .            -10.00000        10.00000        -0.00000    418
     117  x    117    BS         0.09258          .            -10.00000        10.00000        -0.00000    419
     118  x    118    BS         0.11197          .            -10.00000        10.00000        -0.00000    420
     119  x    119    BS         0.13328          .            -10.00000        10.00000        -0.00000    421
     120  x    120    BS         0.15625          .            -10.00000        10.00000        -0.00000    422
     121  x    121    BS         0.18048          .            -10.00000        10.00000        -0.00000    423
     122  x    122    BS         0.20550          .            -10.00000        10.00000        -0.00000    424
     123  x    123    BS         0.23077          .            -10.00000        10.00000        -0.00000    425
     124  x    124    BS         0.25571          .            -10.00000        10.00000        -0.00000    426
     125  x    125    BS         0.27978          .            -10.00000        10.00000        -0.00000    427
     126  x    126    BS         0.30217          .            -10.00000        10.00000         0.00000    428
     127  x    127    BS         0.32244          .            -10.00000        10.00000        -0.00000    429
     128  x    128    BS         0.33330          .            -10.00000        10.00000         0.00000    430
     129  x    129    BS         0.32239          .            -10.00000        10.00000         0.00000    431
     130  x    130    BS         0.30005          .            -10.00000        10.00000        -0.00000    432
     131  x    131    BS         0.27695          .            -10.00000        10.00000         0.00000    433
     132  x    132    BS         0.25280          .            -10.00000        10.00000         0.00000    434
     133  x    133    BS         0.22907          .            -10.00000        10.00000         0.00000    435
     134  x    134    BS         0.20560          .            -10.00000        10.00000         0.00000    436
     135  x    135    BS         0.18312          .            -10.00000        10.00000         0.00000    437
     136  x    136    BS         0.16151          .            -10.00000        10.00000         0.00000    438
     137  x    137    BS         0.14124          .            -10.00000        10.00000         0.00000    439
     138  x    138    BS         0.12218          .            -10.00000        10.00000         0.00000    440
     139  x    139    BS         0.10463          .            -10.00000        10.00000         0.00000    441
     140  x    140    BS         0.08846          .            -10.00000        10.00000         0.00000    442
     141  x    141    BS         0.07386          .            -10.00000        10.00000         0.00000    443
     142  x    142    BS         0.06068          .            -10.00000        10.00000         0.00000    444
     143  x    143    BS         0.04903          .            -10.00000        10.00000         0.00000    445
     144  x    144    BS         0.03874          .            -10.00000        10.00000         0.00000    446
     145  x    145    BS         0.02987          .            -10.00000        10.00000         0.00000    447
     146  x    146    BS         0.02225          .            -10.00000        10.00000         0.00000    448
     147  x    147    BS         0.01591          .            -10.00000        10.00000         0.00000    449
     148  x    148    BS         0.01069          .            -10.00000        10.00000         0.00000    450
     149  x    149    BS         0.00660          .            -10.00000        10.00000         0.00000    451
     150  x    150    BS         0.00351          .            -10.00000        10.00000         0.00000    452
     151  x    151    BS         0.00143          .            -10.00000        10.00000         0.00000    453
     152  x    152    BS         0.00026          .            -10.00000        10.00000         0.00000    454
     153  x    153    EQ          .               .               .               .             -1.42458    455
     154  x    154    EQ         1.0              .              1.0             1.0            -2.02404    456
     155  x    155    BS         1.00062          .            -10.00000        10.00000         0.00000    457
     156  x    156    BS         1.00208          .            -10.00000        10.00000        -0.00000    458
     157  x    157    BS         1.00432          .            -10.00000        10.00000        -0.00000    459
     158  x    158    BS         1.00735          .            -10.00000        10.00000         0.00000    460
     159  x    159    BS         1.01106          .            -10.00000        10.00000         0.00000    461
     160  x    160    BS         1.01541          .            -10.00000        10.00000        -0.00000    462
     161  x    161    BS         1.02023          .            -10.00000        10.00000         0.00000    463
     162  x    162    BS         1.02544          .            -10.00000        10.00000         0.00000    464
     163  x    163    BS         1.03077          .            -10.00000        10.00000         0.00000    465
     164  x    164    BS         1.03609          .            -10.00000        10.00000         0.00000    466
     165  x    165    BS         1.04097          .            -10.00000        10.00000         0.00000    467
     166  x    166    BS         1.04526          .            -10.00000        10.00000         0.00000    468
     167  x    167    BS         1.04838          .            -10.00000        10.00000         0.00000    469
     168  x    168    BS         1.05018          .            -10.00000        10.00000         0.00000    470
     169  x    169    BS         1.04997          .            -10.00000        10.00000         0.00000    471
     170  x    170    BS         1.04767          .            -10.00000        10.00000         0.00000    472
     171  x    171    BS         1.04255          .            -10.00000        10.00000         0.00000    473
     172  x    172    BS         1.03476          .            -10.00000        10.00000         0.00000    474
     173  x    173    BS         1.02354          .            -10.00000        10.00000         0.00000    475
     174  x    174    BS         1.00947          .            -10.00000        10.00000         0.00000    476
     175  x    175    BS         0.99166          .            -10.00000        10.00000         0.00000    477
     176  x    176    BS         0.97123          .            -10.00000        10.00000         0.00000    478
     177  x    177    BS         0.94664          .            -10.00000        10.00000         0.00000    479
     178  x    178    BS         0.91937          .            -10.00000        10.00000         0.00000    480
     179  x    179    BS         0.88232          .            -10.00000        10.00000        -0.00000    481
     180  x    180    BS         0.84610          .            -10.00000        10.00000         0.00000    482
     181  x    181    BS         0.82221          .            -10.00000        10.00000         0.00000    483
     182  x    182    BS         0.80287          .            -10.00000        10.00000         0.00000    484
     183  x    183    BS         0.78889          .            -10.00000        10.00000         0.00000    485
     184  x    184    BS         0.77768          .            -10.00000        10.00000         0.00000    486
     185  x    185    BS         0.77016          .            -10.00000        10.00000         0.00000    487
     186  x    186    BS         0.76470          .            -10.00000        10.00000         0.00000    488
     187  x    187    BS         0.76197          .            -10.00000        10.00000         0.00000    489
     188  x    188    BS         0.76071          .            -10.00000        10.00000         0.00000    490
     189  x    189    BS         0.76145          .            -10.00000        10.00000         0.00000    491
     190  x    190    BS         0.76315          .            -10.00000        10.00000         0.00000    492
     191  x    191    BS         0.76622          .            -10.00000        10.00000         0.00000    493
     192  x    192    BS         0.76980          .            -10.00000        10.00000         0.00000    494
     193  x    193    BS         0.77422          .            -10.00000        10.00000         0.00000    495
     194  x    194    BS         0.77875          .            -10.00000        10.00000         0.00000    496
     195  x    195    BS         0.78366          .            -10.00000        10.00000         0.00000    497
     196  x    196    BS         0.78833          .            -10.00000        10.00000         0.00000    498
     197  x    197    BS         0.79300          .            -10.00000        10.00000         0.00000    499
     198  x    198    BS         0.79715          .            -10.00000        10.00000         0.00000    500
     199  x    199    BS         0.80099          .            -10.00000        10.00000         0.00000    501
     200  x    200    BS         0.80411          .            -10.00000        10.00000         0.00000    502
     201  x    201    BS         0.80670          .            -10.00000        10.00000         0.00000    503
     202  x    202    BS         0.80844          .            -10.00000        10.00000         0.00000    504
     203  x    203    BS         0.80948          .            -10.00000        10.00000         0.00000    505
     204  x    204    BS         0.80971          .            -10.00000        10.00000         0.00000    506
     205  x    205    EQ         1.0              .              1.0             1.0             0.57630    507
     206  x    206    BS         0.99964          .              0.10000         1.0             0.00000    508
     207  x    207    BS         0.99878          .              0.10000         1.0             0.00000    509
     208  x    208    BS         0.99744          .              0.10000         1.0             0.00000    510
     209  x    209    BS         0.99561          .              0.10000         1.0             0.00000    511
     210  x    210    BS         0.99331          .              0.10000         1.0            -0.00000    512
     211  x    211    BS         0.99055          .              0.10000         1.0            -0.00000    513
     212  x    212    BS         0.98734          .              0.10000         1.0             0.00000    514
     213  x    213    BS         0.98368          .              0.10000         1.0            -0.00000    515
     214  x    214    BS         0.97960          .              0.10000         1.0            -0.00000    516
     215  x    215    BS         0.97511          .              0.10000         1.0            -0.00000    517
     216  x    216    BS         0.97023          .              0.10000         1.0             0.00000    518
     217  x    217    BS         0.96497          .              0.10000         1.0            -0.00000    519
     218  x    218    BS         0.95936          .              0.10000         1.0             0.00000    520
     219  x    219    BS         0.95342          .              0.10000         1.0             0.00000    521
     220  x    220    BS         0.94717          .              0.10000         1.0            -0.00000    522
     221  x    221    BS         0.94065          .              0.10000         1.0            -0.00000    523
     222  x    222    BS         0.93386          .              0.10000         1.0             0.00000    524
     223  x    223    BS         0.92685          .              0.10000         1.0            -0.00000    525
     224  x    224    BS         0.91963          .              0.10000         1.0            -0.00000    526
     225  x    225    BS         0.91224          .              0.10000         1.0            -0.00000    527
     226  x    226    BS         0.90471          .              0.10000         1.0             0.00000    528
     227  x    227    BS         0.89706          .              0.10000         1.0            -0.00000    529
     228  x    228    BS         0.88932          .              0.10000         1.0            -0.00000    530
     229  x    229    BS         0.88154          .              0.10000         1.0            -0.00000    531
     230  x    230    BS         0.87373          .              0.10000         1.0             0.00000    532
     231  x    231    BS         0.86592          .              0.10000         1.0             0.00000    533
     232  x    232    BS         0.85816          .              0.10000         1.0             0.00000    534
     233  x    233    BS         0.85046          .              0.10000         1.0            -0.00000    535
     234  x    234    BS         0.84287          .              0.10000         1.0             0.00000    536
     235  x    235    BS         0.83540          .              0.10000         1.0             0.00000    537
     236  x    236    BS         0.82810          .              0.10000         1.0             0.00000    538
     237  x    237    BS         0.82098          .              0.10000         1.0             0.00000    539
     238  x    238    BS         0.81407          .              0.10000         1.0            -0.00000    540
     239  x    239    BS         0.80741          .              0.10000         1.0            -0.00000    541
     240  x    240    BS         0.80102          .              0.10000         1.0             0.00000    542
     241  x    241    BS         0.79493          .              0.10000         1.0             0.00000    543
     242  x    242    BS         0.78915          .              0.10000         1.0            -0.00000    544
     243  x    243    BS         0.78371          .              0.10000         1.0             0.00000    545
     244  x    244    BS         0.77864          .              0.10000         1.0            -0.00000    546
     245  x    245    BS         0.77395          .              0.10000         1.0            -0.00000    547
     246  x    246    BS         0.76966          .              0.10000         1.0            -0.00000    548
     247  x    247    BS         0.76579          .              0.10000         1.0             0.00000    549
     248  x    248    BS         0.76235          .              0.10000         1.0            -0.00000    550
     249  x    249    BS         0.75937          .              0.10000         1.0             0.00000    551
     250  x    250    BS         0.75683          .              0.10000         1.0             0.00000    552
     251  x    251    BS         0.75477          .              0.10000         1.0             0.00000    553
     252  x    252    BS         0.75319          .              0.10000         1.0            -0.00000    554
     253  x    253    BS         0.75209          .              0.10000         1.0             0.00000    555
     254  x    254    BS         0.75148          .              0.10000         1.0            -0.00000    556
     255  x    255    BS         0.75133          .              0.10000         1.0            -0.00000    557
     256  x    256   SBS         0.41713          .            -10.00000        10.00000         0.00000    558
     257  x    257   SBS         0.41875          .            -10.00000        10.00000        -0.00000    559
     258  x    258   SBS         0.42305          .            -10.00000        10.00000         0.00000    560
     259  x    259   SBS         0.42983          .            -10.00000        10.00000         0.00000    561
     260  x    260   SBS         0.43922          .            -10.00000        10.00000         0.00000    562
     261  x    261   SBS         0.45120          .            -10.00000        10.00000         0.00000    563
     262  x    262   SBS         0.46605          .            -10.00000        10.00000         0.00000    564
     263  x    263   SBS         0.48377          .            -10.00000        10.00000        -0.00000    565
     264  x    264   SBS         0.50462          .            -10.00000        10.00000         0.00000    566
     265  x    265   SBS         0.52861          .            -10.00000        10.00000         0.00000    567
     266  x    266   SBS         0.55574          .            -10.00000        10.00000        -0.00000    568
     267  x    267   SBS         0.58639          .            -10.00000        10.00000        -0.00000    569
     268  x    268   SBS         0.62031          .            -10.00000        10.00000         0.00000    570
     269  x    269   SBS         0.65732          .            -10.00000        10.00000        -0.00000    571
     270  x    270   SBS         0.69714          .            -10.00000        10.00000        -0.00000    572
     271  x    271    BS         0.73926          .            -10.00000        10.00000        -0.00000    573
     272  x    272    BS         0.78288          .            -10.00000        10.00000         0.00000    574
     273  x    273    BS         0.82685          .            -10.00000        10.00000         0.00000    575
     274  x    274    BS         0.86993          .            -10.00000        10.00000         0.00000    576
     275  x    275    BS         0.91019          .            -10.00000        10.00000         0.00000    577
     276  x    276    BS         0.94600          .            -10.00000        10.00000         0.00000    578
     277  x    277    BS         0.97530          .            -10.00000        10.00000         0.00000    579
     278  x    278    BS         0.99509          .            -10.00000        10.00000         0.00000    580
     279  x    279    BS         0.99816          .            -10.00000        10.00000        -0.00000    581
     280  x    280    BS         0.94040          .            -10.00000        10.00000        -0.00000    582
     281  x    281   SBS         0.10916          .            -10.00000        10.00000         0.00000    583
     282  x    282    BS        -0.91185          .            -10.00000        10.00000        -0.00000    584
     283  x    283    BS        -0.99204          .            -10.00000        10.00000         0.00000    585
     284  x    284    BS        -0.99984          .            -10.00000        10.00000        -0.00000    586
     285  x    285    BS        -0.99306          .            -10.00000        10.00000         0.00000    587
     286  x    286    BS        -0.98089          .            -10.00000        10.00000        -0.00000    588
     287  x    287    BS        -0.96583          .            -10.00000        10.00000        -0.00000    589
     288  x    288    BS        -0.94926          .            -10.00000        10.00000        -0.00000    590
     289  x    289    BS        -0.93193          .            -10.00000        10.00000         0.00000    591
     290  x    290    BS        -0.91437          .            -10.00000        10.00000         0.00000    592
     291  x    291    BS        -0.89693          .            -10.00000        10.00000        -0.00000    593
     292  x    292    BS        -0.87972          .            -10.00000        10.00000        -0.00000    594
     293  x    293    BS        -0.86312          .            -10.00000        10.00000        -0.00000    595
     294  x    294    BS        -0.84711          .            -10.00000        10.00000         0.00000    596
     295  x    295    BS        -0.83207          .            -10.00000        10.00000         0.00000    597
     296  x    296    BS        -0.81796          .            -10.00000        10.00000         0.00000    598
     297  x    297    BS        -0.80491          .            -10.00000        10.00000         0.00000    599
     298  x    298    BS        -0.79300          .            -10.00000        10.00000        -0.00000    600
     299  x    299    BS        -0.78232          .            -10.00000        10.00000         0.00000    601
     300  x    300    BS        -0.77304          .            -10.00000        10.00000        -0.00000    602
     301  x    301    BS        -0.76513          .            -10.00000        10.00000        -0.00000    603
     302  x    302    BS        -0.75848          .            -10.00000        10.00000         0.00000    604
     303  x    303    BS        -0.75344          .            -10.00000        10.00000         0.00000    605
     304  x    304    BS        -0.75001          .            -10.00000        10.00000        -0.00000    606
     305  x    305    BS        -0.74808          .            -10.00000        10.00000        -0.00000    607
     306  x    306    BS         0.90885          .            -10.00000        10.00000        -0.00000    608
     307  x    307    BS         0.90810          .            -10.00000        10.00000         0.00000    609
     308  x    308    BS         0.90611          .            -10.00000        10.00000         0.00000    610
     309  x    309    BS         0.90291          .            -10.00000        10.00000        -0.00000    611
     310  x    310    BS         0.89838          .            -10.00000        10.00000        -0.00000    612
     311  x    311    BS         0.89242          .            -10.00000        10.00000         0.00000    613
     312  x    312    BS         0.88476          .            -10.00000        10.00000        -0.00000    614
     313  x    313    BS         0.87520          .            -10.00000        10.00000        -0.00000    615
     314  x    314    BS         0.86334          .            -10.00000        10.00000        -0.00000    616
     315  x    315    BS         0.84886          .            -10.00000        10.00000        -0.00000    617
     316  x    316    BS         0.83136          .            -10.00000        10.00000         0.00000    618
     317  x    317    BS         0.81003          .            -10.00000        10.00000         0.00000    619
     318  x    318    BS         0.78436          .            -10.00000        10.00000        -0.00000    620
     319  x    319    BS         0.75361          .            -10.00000        10.00000        -0.00000    621
     320  x    320    BS         0.71693          .            -10.00000        10.00000         0.00000    622
     321  x    321   SBS         0.67342          .            -10.00000        10.00000         0.00000    623
     322  x    322   SBS         0.62217          .            -10.00000        10.00000        -0.00000    624
     323  x    323   SBS         0.56243          .            -10.00000        10.00000        -0.00000    625
     324  x    324   SBS         0.49318          .            -10.00000        10.00000        -0.00000    626
     325  x    325   SBS         0.41420          .            -10.00000        10.00000        -0.00000    627
     326  x    326   SBS         0.32417          .            -10.00000        10.00000        -0.00000    628
     327  x    327   SBS         0.22089          .            -10.00000        10.00000        -0.00000    629
     328  x    328   SBS         0.09901          .            -10.00000        10.00000        -0.00000    630
     329  x    329   SBS        -0.06071          .            -10.00000        10.00000        -0.00000    631
     330  x    330    BS        -0.34008          .            -10.00000        10.00000         0.00000    632
     331  x    331    BS        -0.99402          .            -10.00000        10.00000         0.00000    633
     332  x    332   SBS        -0.41053          .            -10.00000        10.00000         0.00000    634
     333  x    333   SBS        -0.12593          .            -10.00000        10.00000        -0.00000    635
     334  x    334   SBS         0.01809          .            -10.00000        10.00000        -0.00000    636
     335  x    335   SBS         0.11759          .            -10.00000        10.00000         0.00000    637
     336  x    336   SBS         0.19459          .            -10.00000        10.00000        -0.00000    638
     337  x    337   SBS         0.25917          .            -10.00000        10.00000        -0.00000    639
     338  x    338   SBS         0.31449          .            -10.00000        10.00000        -0.00000    640
     339  x    339   SBS         0.36264          .            -10.00000        10.00000         0.00000    641
     340  x    340   SBS         0.40488          .            -10.00000        10.00000        -0.00000    642
     341  x    341    BS         0.44217          .            -10.00000        10.00000        -0.00000    643
     342  x    342   SBS         0.47550          .            -10.00000        10.00000        -0.00000    644
     343  x    343   SBS         0.50500          .            -10.00000        10.00000        -0.00000    645
     344  x    344   SBS         0.53142          .            -10.00000        10.00000         0.00000    646
     345  x    345   SBS         0.55467          .            -10.00000        10.00000         0.00000    647
     346  x    346   SBS         0.57528          .            -10.00000        10.00000         0.00000    648
     347  x    347   SBS         0.59339          .            -10.00000        10.00000        -0.00000    649
     348  x    348   SBS         0.60922          .            -10.00000        10.00000         0.00000    650
     349  x    349   SBS         0.62287          .            -10.00000        10.00000         0.00000    651
     350  x    350   SBS         0.63436          .            -10.00000        10.00000        -0.00000    652
     351  x    351   SBS         0.64388          .            -10.00000        10.00000        -0.00000    653
     352  x    352   SBS         0.65170          .            -10.00000        10.00000         0.00000    654
     353  x    353   SBS         0.65752          .            -10.00000        10.00000         0.00000    655
     354  x    354   SBS         0.66143          .            -10.00000        10.00000        -0.00000    656
     355  x    355   SBS         0.66361          .            -10.00000        10.00000        -0.00000    657
     356  x    356    EQ          .               .               .               .              0.35618    658
     357  x    357    EQ         3.32000          .              3.32000         3.32000        -0.35618    659
 
 Time for MPS input                             0.00 seconds
 Time for solving problem                       2.62 seconds
 Time for solution output                       0.01 seconds
 Time for constraint functions                  1.34 seconds
 Time for objective function                    0.00 seconds
