      Timing level                                                     3
1
 
 SNMEMA EXIT 100 -- finished successfully
 SNMEMA INFO 104 -- memory requirements estimated
1
 
 Parameters
 ==========

 Files
 -----
 Solution file..........         0       Old basis file ........         0       Standard input.........         5
 Insert file............         0       New basis file ........         0       (Printer)..............         9
 Punch file.............         0       Backup basis file......         0       (Specs file)...........         0
 Load file..............         0       Dump file..............         0       Standard output........         6

 Frequencies
 -----------
 Print frequency........       100       Check frequency........        60       Save new basis map.....       100
 Summary frequency......       100       Factorization frequency        50       Expand frequency.......     10000

 QP subproblems
 --------------
 QPsolver Cholesky......
 Scale tolerance........     0.900       Minor feasibility tol..  1.00E-06       Iteration limit........     10000
 Scale option...........         0       Minor optimality  tol..  1.00E-06       Minor print level......         1
 Crash tolerance........     0.100       Pivot tolerance........  3.25E-11       New superbasics........        99
 Crash option...........         3       Elastic weight.........  1.00E+05

 Partial pricing
 ---------------
 LP Partial price.......         1       Prtl price section ( A)       325       Prtl price section (-I)       241
 QP Partial price.......         1       Prtl price section ( A)       325       Prtl price section (-I)       241

 The SQP Method
 --------------
 Minimize...............                 Cold start.............                 Proximal Point method..         1
 Nonlinear objectiv vars         1       Objective Row..........         1       Function precision.....  3.00E-13
 Unbounded step size....  1.00E+20       Superbasics limit......       325       Difference interval....  5.48E-07
 Unbounded objective....  1.00E+10       Reduced Hessian dim....       325       Central difference int.  6.70E-05
 Major step limit.......  2.00E+00       Derivative linesearch..                 Derivative option......         1
 Major iterations limit.      1000       Linesearch tolerance...   0.90000       Verify level...........        -1
 Minor iterations limit.       500       Penalty parameter......  0.00E+00       Major Print Level......         1
 Time limit (secs)...... 9999999.0       Major optimality tol...  2.00E-06

 Hessian Approximation
 ---------------------
 Hessian limited-memory.                 Hessian updates........        10       Hessian frequency......  99999999
                                                                                 Hessian flush..........  99999999

 Nonlinear constraints
 ---------------------
 Nonlinear constraints..       240       Major feasibility tol..  1.00E-06       Violation limit........  1.00E+01
 Nonlinear Jacobian vars       325

 Miscellaneous
 -------------
 LU factor tolerance....      3.99       LU singularity tol.....  3.25E-11       Timing level...........         3
 LU update tolerance....      3.99       LU swap tolerance......  1.22E-04       Debug level............         0
 LU partial  pivoting...                 eps (machine precision)  2.22E-16       System information.....        No
                                                                                 Sticky parameters......        No

 Total char*8  workspace       500       Total integer workspace     63139       Total real    workspace    117054
 Total char*8  (minimum)       500       Total integer (minimum)     19736       Total real    (minimum)     93718
 
1
 

 

 Matrix statistics
 -----------------
               Total      Normal        Free       Fixed     Bounded
 Rows            241           0           1         240           0
 Columns         325           0           0           6         319

 No. of matrix elements                 2080     Density       2.656
 Biggest  constant element        0.0000E+00  (excluding fixed columns,
 Smallest constant element        0.0000E+00   free rows, and RHS)

 No. of objective coefficients             0

 Nonlinear constraints     240     Linear constraints       1
 Nonlinear variables       325     Linear variables         0
 Jacobian  variables       325     Objective variables      1
 Total constraints         241     Total variables        325
1
 
 Initial basis
 -------------

 No basis file supplied

 Crash option  3

 Crash on linear E  rows:

 Crash on linear LG rows:
 Slacks     1  Free cols     0  Preferred     0
 Unit       0  Double        0  Triangle      0  Pad     0

 Itn      0: Feasible linear rows
 Itn      0: PP1.  Minimizing  Norm(x-x0)

 Itn      0: PP1.  Norm(x-x0) approximately minimized  (0.00E+00)

 
 The user has defined    2081   out of    2081   first  derivatives

 Crash on nonlinear rows:
 Slacks     0  Free cols     0  Preferred     0
 Unit      41  Double       79  Triangle     23  Pad    97
1
 
 Itn      0: Hessian set to a scaled identity matrix
 Singular(m=n)  rank      241  n-rank       0  nsing        1
 Itn      0: BR factorize
 Singular(m=n)  rank      241  n-rank       0  nsing        1
 Itn      0: LU partial  pivoting tols       2.00      2.00

    Itn     QP mult  QP step   rgNorm          NonOpt   QP Objective   +SBS   -SBS    -BS    Pivot     L+U ncp    nS condZHZ
    100                                            77  4.0085469E+02                                  1142
 

   Itns Major Minors    Step   nCon Feasible  Optimal  MeritFunction     L+U BSwap     nS condZHZ Penalty
    177     0    177              1  9.5E-01  1.7E+00  1.0000000E+01    1142           77 7.6E+01         _  r
 Itn    177: Hessian set to a scaled identity matrix
 Itn    177: LU partial  pivoting tols       3.99      3.99
    179     1      2 1.1E-01      2  8.5E-01  1.3E+00  4.8122412E+02    1323           78 8.4E+01 3.5E+00 _  rl
    182     2      3 2.0E-01      4  9.1E-01  1.5E+00  3.8993947E+02    1212           78 1.0E+02 3.5E+00 _sm l
    195     3     13 3.1E-01      6  2.8E+00  7.6E+00  1.6576685E+02    1363           78 1.6E+02 3.5E+00 _
    197     4      2 4.3E-01      8  2.5E+00  3.0E+00  8.1270488E+01    1359    31     79 5.4E+01 3.5E+00 _
    198     5      1 1.0E+00      9  2.4E+00  1.2E+00  3.4131831E+01    1562    28     79 3.2E+01 3.5E+00 _
    199     6      1 1.0E+00     10  9.8E-01  7.6E-01  8.7058373E+00    1562           79 3.0E+01 3.5E+00 _
    201     7      2 1.0E+00     11  3.5E-01  3.6E-01  4.8882299E+00    1562           79 5.2E+01 3.5E+00 _
    204     8      3 3.4E-01     13  3.9E-01  3.6E-01  4.5479295E+00    1632           79 1.1E+02 3.5E+00 _
    207     9      3 3.3E-01     15  3.7E-01  2.6E-01  4.2216938E+00    1662           79 1.1E+02 3.5E+00 _
    208    10      1 3.6E-01     17  2.9E-01  1.7E-01  3.7897723E+00    1645           79 9.6E+01 3.5E+00 _
    209    11      1 3.9E-01     19  2.2E-01  1.1E-01  3.3519401E+00    2110    15     79 6.7E+01 3.5E+00 _
 Itn    209: Hessian off-diagonals discarded
    210    12      1 4.1E-01     21  2.7E-01  5.0E-01  2.9612838E+00    2110           79 3.3E+02 3.5E+00 _  R
    211    13      1 1.0E+00     22  1.9E-02  1.5E-01  2.3631651E+00    2110           79 3.3E+02 3.5E+00 _s
    213    14      2 2.4E-01     25  1.9E-01  2.1E-01  2.2517158E+00    2110           78 3.3E+02 3.5E+00 _
    216    15      3 8.7E-02     27  1.7E-01  1.8E-01  2.1754033E+00    2110           78 3.3E+02 3.5E+00 _
    222    16      6 3.0E-02     29  1.7E-01  1.3E-01  2.1359796E+00    2110           77 3.3E+02 3.5E+00 _
    224    17      2 4.9E-02     31  1.6E-01  1.0E-01  2.0640830E+00    2083     2     76 2.7E+02 3.5E+00 _
    227    18      3 4.8E-02     33  1.5E-01  1.1E-01  1.9853832E+00    2083           78 2.7E+02 3.5E+00 _
    230    19      3 3.5E-02     35  1.5E-01  1.5E-01  1.9293875E+00    1873           76 2.7E+02 3.5E+00 _

   Itns Major Minors    Step   nCon Feasible  Optimal  MeritFunction     L+U BSwap     nS condZHZ Penalty
    234    20      4 3.9E-02     37  1.5E-01  1.4E-01  1.8595133E+00    1934     1     77 7.8E+02 3.5E+00 _
    241    21      7 7.0E-02     39  1.4E-01  8.5E-02  1.7490867E+00    1915           77 5.6E+02 3.5E+00 _
    246    22      5 1.1E-01     41  1.2E-01  9.2E-02  1.6216741E+00    2152           79 5.8E+02 3.5E+00 _
 Itn    246: Hessian off-diagonals discarded
    247    23      1 1.7E-01     44  1.2E-01  3.9E-02  1.5036967E+00    2083           79 5.8E+02 3.5E+00 _  R
    248    24      1 1.0E+00     45  2.6E-02  2.5E-01  1.2790414E+00    2083           79 5.9E+02 3.5E+00 _s
    250    25      2 2.0E-01     48  8.5E-02  3.4E-01  1.1698307E+00    2082     1     78 3.4E+02 3.5E+00 _
    253    26      3 1.9E-01     50  1.3E-01  2.3E-01  1.0958075E+00    2082           78 3.4E+02 3.5E+00 _
    256    27      3 1.8E-01     52  1.3E-01  1.3E-01  1.0412555E+00    2082           78 3.4E+02 3.5E+00 _
    258    28      2 2.5E-01     54  1.7E-01  4.6E-02  1.0006911E+00    2082           79 3.4E+02 3.5E+00 _
    259    29      1 2.1E-01     57  1.4E-01  1.5E-02  9.5299809E-01    2082           79 3.4E+02 3.5E+00 _
    260    30      1 3.1E-01     59  1.3E-01  7.0E-03  9.3148190E-01    2082           79 3.4E+02 3.5E+00 _
    261    31      1 1.0E+00     60  1.7E-01  6.2E-03  8.6525967E-01    2082           79 3.4E+02 3.5E+00 _
    262    32      1 1.0E+00     61  9.0E-02  6.3E-03  8.2887397E-01    2082           79 3.4E+02 3.5E+00 _
    263    33      1 3.6E-01     63  8.0E-02  5.9E-03  8.2528959E-01    2082           79 3.4E+02 3.5E+00 _
 Itn    263: Hessian off-diagonals discarded
    264    34      1 1.0E+00     64  2.5E-02  5.7E-03  8.2053043E-01    2082           79 3.4E+02 3.5E+00 _  R
    265    35      1 4.6E-01     66  2.1E-02  5.6E-03  8.1927280E-01    2082           79 3.4E+02 3.5E+00 _s
    266    36      1 1.0E+00     67  2.9E-03  5.3E-03  8.1827330E-01    2082           79 3.3E+02 3.5E+00 _
    267    37      1 1.0E+00     68  2.9E-04  5.0E-03  8.1802587E-01    2082           79 3.3E+02 3.5E+00 _
    268    38      1 1.0E+00     69  9.4E-04  4.0E-03  8.1749356E-01    2082           79 3.3E+02 3.5E+00 _
    269    39      1 1.0E+00     70  4.7E-04  3.3E-03  8.1717505E-01    2082           79 3.3E+02 3.5E+00 _

   Itns Major Minors    Step   nCon Feasible  Optimal  MeritFunction     L+U BSwap     nS condZHZ Penalty
    270    40      1 1.0E+00     71  8.3E-04  2.6E-03  8.1697275E-01    2082           79 3.3E+02 3.5E+00 _
    271    41      1 1.0E+00     72  2.3E-04  2.3E-03  8.1687422E-01    2082           79 3.3E+02 3.5E+00 _
    272    42      1 1.0E+00     73  1.1E-04  2.0E-03  8.1678023E-01    2082           79 3.3E+02 3.5E+00 _
    273    43      1 1.0E+00     74  1.8E-04  1.6E-03  8.1668907E-01    2082           79 3.3E+02 3.5E+00 _
    274    44      1 1.0E+00     75  1.1E-04  1.3E-03  8.1662086E-01    2082           79 3.3E+02 3.5E+00 _
 Itn    274: Hessian off-diagonals discarded
    275    45      1 1.0E+00     76  8.0E-05  1.0E-03  8.1657639E-01    2083     1     79 1.3E+02 3.5E+00 _  R
    276    46      1 1.0E+00     77  2.6E-05  9.7E-04  8.1655534E-01    2083           79 1.2E+02 3.5E+00 _s
    277    47      1 5.0E-01     79  3.6E-04  7.8E-04  8.1651970E-01    2083           79 1.1E+02 3.5E+00 _
    278    48      1 4.8E-01     81  6.2E-04  6.0E-04  8.1649563E-01    2083           79 1.1E+02 3.5E+00 _
    279    49      1 1.0E+00     82  1.7E-04  4.2E-04  8.1648447E-01    2083           79 1.1E+02 3.5E+00 _
    280    50      1 1.0E+00     83  2.0E-04  2.4E-04  8.1647985E-01    2083           79 1.0E+02 3.5E+00 _
    281    51      1 1.0E+00     84  2.1E-04  1.5E-04  8.1647584E-01    2083           79 1.0E+02 3.5E+00 _
    282    52      1 4.9E-01     86  1.1E-04  1.2E-04  8.1647283E-01    2083           79 1.0E+02 3.5E+00 _
    283    53      1 4.9E-01     88  8.6E-05  1.1E-04  8.1647134E-01    2083           79 1.0E+02 3.5E+00 _
    284    54      1 4.7E-01     90  4.8E-05  9.9E-05  8.1647081E-01    2083           79 1.0E+02 3.5E+00 _
    285    55      1 1.0E+00     91  5.5E-06  5.0E-05  8.1647047E-01    2083           79 9.6E+01 3.5E+00 _
 Itn    285: Hessian off-diagonals discarded
    286    56      1 1.0E+00     92  1.3E-05  5.2E-05  8.1647025E-01    2083           79 1.1E+02 3.5E+00 _  R
    287    57      1 1.0E+00     93  6.0E-06  3.2E-05  8.1647010E-01    2083           79 1.1E+02 3.5E+00 _s
    288    58      1 1.0E+00     94  1.7E-06  3.1E-05  8.1646994E-01    2083           79 1.1E+02 3.5E+00 _
    289    59      1 1.0E+00     95 (3.4E-08) 3.0E-05  8.1646993E-01    2083           79 1.1E+02 3.5E+00 _

   Itns Major Minors    Step   nCon Feasible  Optimal  MeritFunction     L+U BSwap     nS condZHZ Penalty
    290    60      1 1.0E+00     96 (2.1E-08) 2.8E-05  8.1646992E-01    2083           79 1.1E+02 3.5E+00 _
    291    61      1 1.0E+00     97 (3.6E-08) 2.3E-05  8.1646992E-01    2083           79 1.1E+02 3.5E+00 _
    292    62      1 1.0E+00     98 (2.8E-08) 2.0E-05  8.1646991E-01    2083           79 1.1E+02 3.5E+00 _
    293    63      1 1.0E+00     99 (9.5E-09) 1.6E-05  8.1646991E-01    2083           79 1.1E+02 3.5E+00 _
    294    64      1 1.0E+00    100 (1.8E-08) 1.1E-05  8.1646990E-01    2083           79 1.1E+02 3.5E+00 _
    295    65      1 1.0E+00    101 (8.9E-09) 7.8E-06  8.1646990E-01    2083           79 1.1E+02 3.5E+00 _
    296    66      1 1.0E+00    102 (4.4E-09) 5.2E-06  8.1646990E-01    2083           79 1.1E+02 3.5E+00 _
 Itn    296: Hessian off-diagonals discarded
    297    67      1 1.0E+00    103 (2.8E-09) 3.6E-06  8.1646990E-01    2083           79 1.1E+02 3.5E+00 _  R
    298    68      1 1.0E+00    104 (1.1E-09) 3.3E-06  8.1646990E-01    2083           79 1.1E+02 3.5E+00 _s
    299    69      1 1.0E+00    105 (1.1E-08)(1.6E-06) 8.1646990E-01    2083           79 1.1E+02 3.5E+00 _
1
 
 SNOPTA EXIT   0 -- finished successfully
 SNOPTA INFO   1 -- optimality conditions satisfied

 Problem name
 No. of iterations                 299   Objective            8.1646989508E-01
 No. of major iterations            69   Linear    obj. term  0.0000000000E+00
 Penalty parameter           3.453E+00   Nonlinear obj. term  8.1646989508E-01
 User function calls (total)       105
 No. of superbasics                 79   No. of basic nonlinears           240
 No. of degenerate steps             0   Percentage                       0.00
 Max x                     244 6.3E+00   Max pi                    241 1.0E+00
 Max Primal infeas           0 0.0E+00   Max Dual infeas           322 1.6E-06
 Nonlinear constraint violn    7.2E-08
1
 
 Name                                    Objective Value      8.1646989508E-01

 Status         Optimal Soln             Iteration    299    Superbasics    79

 Objective               (Min)
 RHS
 Ranges
 Bounds

 Section 1 - Constraints

  Number  ...Row.. State  ...Value......  Slack Value...  ..Lower Limit.  ..Upper Limit.  .Dual Variable    ..i
 
     326  r      1    BS          .               .                None            None         -1.0          1
     327  r      2    EQ        -0.00000        -0.00000          .               .             -0.00092      2
     328  r      3    EQ         0.00000         0.00000          .               .             -0.00486      3
     329  r      4    EQ         0.00000         0.00000          .               .             -0.00573      4
     330  r      5    EQ         0.00000         0.00000          .               .             -0.00326      5
     331  r      6    EQ         0.00000         0.00000          .               .             -0.00092      6
     332  r      7    EQ         0.00000         0.00000          .               .             -0.00486      7
     333  r      8    EQ         0.00000         0.00000          .               .             -0.00573      8
     334  r      9    EQ        -0.00000        -0.00000          .               .             -0.00326      9
     335  r     10    EQ        -0.00000        -0.00000          .               .             -0.00092     10
     336  r     11    EQ         0.00000         0.00000          .               .             -0.00486     11
     337  r     12    EQ         0.00000         0.00000          .               .             -0.00573     12
     338  r     13    EQ         0.00000         0.00000          .               .             -0.00326     13
     339  r     14    EQ         0.00000         0.00000          .               .             -0.00092     14
     340  r     15    EQ         0.00000         0.00000          .               .             -0.00486     15
     341  r     16    EQ         0.00000         0.00000          .               .             -0.00573     16
     342  r     17    EQ         0.00000         0.00000          .               .             -0.00326     17
     343  r     18    EQ         0.00000         0.00000          .               .             -0.00092     18
     344  r     19    EQ         0.00000         0.00000          .               .             -0.00486     19
     345  r     20    EQ        -0.00000        -0.00000          .               .             -0.00573     20
     346  r     21    EQ         0.00000         0.00000          .               .             -0.00326     21
     347  r     22    EQ         0.00000         0.00000          .               .             -0.00092     22
     348  r     23    EQ         0.00000         0.00000          .               .             -0.00486     23
     349  r     24    EQ         0.00000         0.00000          .               .             -0.00573     24
     350  r     25    EQ         0.00000         0.00000          .               .             -0.00326     25
     351  r     26    EQ         0.00000         0.00000          .               .             -0.00092     26
     352  r     27    EQ         0.00000         0.00000          .               .             -0.00486     27
     353  r     28    EQ        -0.00000        -0.00000          .               .             -0.00573     28
     354  r     29    EQ         0.00000         0.00000          .               .             -0.00326     29
     355  r     30    EQ         0.00000         0.00000          .               .             -0.00092     30
     356  r     31    EQ         0.00000         0.00000          .               .             -0.00486     31
     357  r     32    EQ         0.00000         0.00000          .               .             -0.00573     32
     358  r     33    EQ         0.00000         0.00000          .               .             -0.00326     33
     359  r     34    EQ         0.00000         0.00000          .               .             -0.00092     34
     360  r     35    EQ         0.00000         0.00000          .               .             -0.00486     35
     361  r     36    EQ         0.00000         0.00000          .               .             -0.00573     36
     362  r     37    EQ         0.00000         0.00000          .               .             -0.00326     37
     363  r     38    EQ         0.00000         0.00000          .               .             -0.00092     38
     364  r     39    EQ         0.00000         0.00000          .               .             -0.00486     39
     365  r     40    EQ         0.00000         0.00000          .               .             -0.00573     40
     366  r     41    EQ         0.00000         0.00000          .               .             -0.00326     41
     367  r     42    EQ         0.00000         0.00000          .               .             -0.00092     42
     368  r     43    EQ         0.00000         0.00000          .               .             -0.00486     43
     369  r     44    EQ         0.00000         0.00000          .               .             -0.00573     44
     370  r     45    EQ         0.00000         0.00000          .               .             -0.00326     45
     371  r     46    EQ         0.00000         0.00000          .               .             -0.00092     46
     372  r     47    EQ         0.00000         0.00000          .               .             -0.00486     47
     373  r     48    EQ         0.00000         0.00000          .               .             -0.00573     48
     374  r     49    EQ        -0.00000        -0.00000          .               .             -0.00326     49
     375  r     50    EQ         0.00000         0.00000          .               .             -0.00092     50
     376  r     51    EQ         0.00000         0.00000          .               .             -0.00486     51
     377  r     52    EQ         0.00000         0.00000          .               .             -0.00573     52
     378  r     53    EQ         0.00000         0.00000          .               .             -0.00326     53
     379  r     54    EQ         0.00000         0.00000          .               .             -0.00092     54
     380  r     55    EQ         0.00000         0.00000          .               .             -0.00486     55
     381  r     56    EQ         0.00000         0.00000          .               .             -0.00573     56
     382  r     57    EQ         0.00000         0.00000          .               .             -0.00326     57
     383  r     58    EQ         0.00000         0.00000          .               .             -0.00092     58
     384  r     59    EQ         0.00000         0.00000          .               .             -0.00486     59
     385  r     60    EQ         0.00000         0.00000          .               .             -0.00573     60
     386  r     61    EQ         0.00000         0.00000          .               .             -0.00326     61
     387  r     62    EQ         0.00000         0.00000          .               .             -0.00092     62
     388  r     63    EQ         0.00000         0.00000          .               .             -0.00486     63
     389  r     64    EQ         0.00000         0.00000          .               .             -0.00573     64
     390  r     65    EQ         0.00000         0.00000          .               .             -0.00326     65
     391  r     66    EQ         0.00000         0.00000          .               .             -0.00092     66
     392  r     67    EQ         0.00000         0.00000          .               .             -0.00486     67
     393  r     68    EQ         0.00000         0.00000          .               .             -0.00573     68
     394  r     69    EQ         0.00000         0.00000          .               .             -0.00326     69
     395  r     70    EQ         0.00000         0.00000          .               .             -0.00092     70
     396  r     71    EQ         0.00000         0.00000          .               .             -0.00486     71
     397  r     72    EQ         0.00000         0.00000          .               .             -0.00573     72
     398  r     73    EQ         0.00000         0.00000          .               .             -0.00326     73
     399  r     74    EQ         0.00000         0.00000          .               .             -0.00092     74
     400  r     75    EQ         0.00000         0.00000          .               .             -0.00486     75
     401  r     76    EQ         0.00000         0.00000          .               .             -0.00573     76
     402  r     77    EQ         0.00000         0.00000          .               .             -0.00326     77
     403  r     78    EQ         0.00000         0.00000          .               .             -0.00092     78
     404  r     79    EQ         0.00000         0.00000          .               .             -0.00486     79
     405  r     80    EQ         0.00000         0.00000          .               .             -0.00573     80
     406  r     81    EQ         0.00000         0.00000          .               .             -0.00326     81
     407  r     82    EQ          .               .               .               .             -0.00035     82
     408  r     83    EQ         0.00000         0.00000          .               .             -0.00185     83
     409  r     84    EQ         0.00000         0.00000          .               .             -0.00219     84
     410  r     85    EQ         0.00000         0.00000          .               .             -0.00124     85
     411  r     86    EQ         0.00000         0.00000          .               .             -0.00035     86
     412  r     87    EQ         0.00000         0.00000          .               .             -0.00185     87
     413  r     88    EQ         0.00000         0.00000          .               .             -0.00219     88
     414  r     89    EQ         0.00000         0.00000          .               .             -0.00124     89
     415  r     90    EQ         0.00000         0.00000          .               .             -0.00035     90
     416  r     91    EQ         0.00000         0.00000          .               .             -0.00185     91
     417  r     92    EQ         0.00000         0.00000          .               .             -0.00219     92
     418  r     93    EQ         0.00000         0.00000          .               .             -0.00124     93
     419  r     94    EQ         0.00000         0.00000          .               .             -0.00035     94
     420  r     95    EQ         0.00000         0.00000          .               .             -0.00185     95
     421  r     96    EQ         0.00000         0.00000          .               .             -0.00219     96
     422  r     97    EQ         0.00000         0.00000          .               .             -0.00124     97
     423  r     98    EQ         0.00000         0.00000          .               .             -0.00035     98
     424  r     99    EQ         0.00000         0.00000          .               .             -0.00185     99
     425  r    100    EQ         0.00000         0.00000          .               .             -0.00219    100
     426  r    101    EQ         0.00000         0.00000          .               .             -0.00124    101
     427  r    102    EQ         0.00000         0.00000          .               .             -0.00035    102
     428  r    103    EQ         0.00000         0.00000          .               .             -0.00185    103
     429  r    104    EQ         0.00000         0.00000          .               .             -0.00219    104
     430  r    105    EQ         0.00000         0.00000          .               .             -0.00124    105
     431  r    106    EQ         0.00000         0.00000          .               .             -0.00035    106
     432  r    107    EQ         0.00000         0.00000          .               .             -0.00185    107
     433  r    108    EQ         0.00000         0.00000          .               .             -0.00219    108
     434  r    109    EQ         0.00000         0.00000          .               .             -0.00124    109
     435  r    110    EQ         0.00000         0.00000          .               .             -0.00035    110
     436  r    111    EQ         0.00000         0.00000          .               .             -0.00185    111
     437  r    112    EQ         0.00000         0.00000          .               .             -0.00219    112
     438  r    113    EQ         0.00000         0.00000          .               .             -0.00124    113
     439  r    114    EQ         0.00000         0.00000          .               .             -0.00035    114
     440  r    115    EQ         0.00000         0.00000          .               .             -0.00185    115
     441  r    116    EQ         0.00000         0.00000          .               .             -0.00219    116
     442  r    117    EQ         0.00000         0.00000          .               .             -0.00124    117
     443  r    118    EQ         0.00000         0.00000          .               .             -0.00035    118
     444  r    119    EQ         0.00000         0.00000          .               .             -0.00185    119
     445  r    120    EQ         0.00000         0.00000          .               .             -0.00219    120
     446  r    121    EQ         0.00000         0.00000          .               .             -0.00124    121
     447  r    122    EQ         0.00000         0.00000          .               .             -0.00035    122
     448  r    123    EQ         0.00000         0.00000          .               .             -0.00185    123
     449  r    124    EQ         0.00000         0.00000          .               .             -0.00219    124
     450  r    125    EQ         0.00000         0.00000          .               .             -0.00124    125
     451  r    126    EQ         0.00000         0.00000          .               .             -0.00035    126
     452  r    127    EQ         0.00000         0.00000          .               .             -0.00185    127
     453  r    128    EQ         0.00000         0.00000          .               .             -0.00219    128
     454  r    129    EQ         0.00000         0.00000          .               .             -0.00124    129
     455  r    130    EQ        -0.00000        -0.00000          .               .             -0.00035    130
     456  r    131    EQ         0.00000         0.00000          .               .             -0.00185    131
     457  r    132    EQ         0.00000         0.00000          .               .             -0.00219    132
     458  r    133    EQ         0.00000         0.00000          .               .             -0.00124    133
     459  r    134    EQ         0.00000         0.00000          .               .             -0.00035    134
     460  r    135    EQ        -0.00000        -0.00000          .               .             -0.00185    135
     461  r    136    EQ         0.00000         0.00000          .               .             -0.00219    136
     462  r    137    EQ         0.00000         0.00000          .               .             -0.00124    137
     463  r    138    EQ         0.00000         0.00000          .               .             -0.00035    138
     464  r    139    EQ         0.00000         0.00000          .               .             -0.00185    139
     465  r    140    EQ         0.00000         0.00000          .               .             -0.00219    140
     466  r    141    EQ         0.00000         0.00000          .               .             -0.00124    141
     467  r    142    EQ         0.00000         0.00000          .               .             -0.00035    142
     468  r    143    EQ         0.00000         0.00000          .               .             -0.00185    143
     469  r    144    EQ         0.00000         0.00000          .               .             -0.00219    144
     470  r    145    EQ         0.00000         0.00000          .               .             -0.00124    145
     471  r    146    EQ         0.00000         0.00000          .               .             -0.00035    146
     472  r    147    EQ         0.00000         0.00000          .               .             -0.00185    147
     473  r    148    EQ         0.00000         0.00000          .               .             -0.00219    148
     474  r    149    EQ         0.00000         0.00000          .               .             -0.00124    149
     475  r    150    EQ         0.00000         0.00000          .               .             -0.00035    150
     476  r    151    EQ         0.00000         0.00000          .               .             -0.00185    151
     477  r    152    EQ         0.00000         0.00000          .               .             -0.00219    152
     478  r    153    EQ         0.00000         0.00000          .               .             -0.00124    153
     479  r    154    EQ         0.00000         0.00000          .               .             -0.00035    154
     480  r    155    EQ         0.00000         0.00000          .               .             -0.00185    155
     481  r    156    EQ         0.00000         0.00000          .               .             -0.00219    156
     482  r    157    EQ         0.00000         0.00000          .               .             -0.00124    157
     483  r    158    EQ         0.00000         0.00000          .               .             -0.00035    158
     484  r    159    EQ        -0.00000        -0.00000          .               .             -0.00185    159
     485  r    160    EQ         0.00000         0.00000          .               .             -0.00219    160
     486  r    161    EQ         0.00000         0.00000          .               .             -0.00124    161
     487  r    162    EQ         0.00000         0.00000          .               .             -0.00063    162
     488  r    163    EQ         0.00000         0.00000          .               .             -0.00327    163
     489  r    164    EQ         0.00000         0.00000          .               .             -0.00383    164
     490  r    165    EQ         0.00000         0.00000          .               .             -0.00216    165
     491  r    166    EQ         0.00000         0.00000          .               .             -0.00061    166
     492  r    167    EQ         0.00000         0.00000          .               .             -0.00319    167
     493  r    168    EQ         0.00000         0.00000          .               .             -0.00372    168
     494  r    169    EQ         0.00000         0.00000          .               .             -0.00209    169
     495  r    170    EQ         0.00000         0.00000          .               .             -0.00059    170
     496  r    171    EQ         0.00000         0.00000          .               .             -0.00309    171
     497  r    172    EQ         0.00000         0.00000          .               .             -0.00360    172
     498  r    173    EQ         0.00000         0.00000          .               .             -0.00202    173
     499  r    174    EQ         0.00000         0.00000          .               .             -0.00057    174
     500  r    175    EQ         0.00000         0.00000          .               .             -0.00299    175
     501  r    176    EQ         0.00000         0.00000          .               .             -0.00347    176
     502  r    177    EQ         0.00000         0.00000          .               .             -0.00195    177
     503  r    178    EQ         0.00000         0.00000          .               .             -0.00055    178
     504  r    179    EQ         0.00000         0.00000          .               .             -0.00287    179
     505  r    180    EQ         0.00000         0.00000          .               .             -0.00333    180
     506  r    181    EQ         0.00000         0.00000          .               .             -0.00186    181
     507  r    182    EQ         0.00000         0.00000          .               .             -0.00053    182
     508  r    183    EQ         0.00000         0.00000          .               .             -0.00274    183
     509  r    184    EQ         0.00000         0.00000          .               .             -0.00317    184
     510  r    185    EQ         0.00000         0.00000          .               .             -0.00177    185
     511  r    186    EQ         0.00000         0.00000          .               .             -0.00050    186
     512  r    187    EQ         0.00000         0.00000          .               .             -0.00260    187
     513  r    188    EQ         0.00000         0.00000          .               .             -0.00301    188
     514  r    189    EQ         0.00000         0.00000          .               .             -0.00168    189
     515  r    190    EQ         0.00000         0.00000          .               .             -0.00047    190
     516  r    191    EQ         0.00000         0.00000          .               .             -0.00245    191
     517  r    192    EQ         0.00000         0.00000          .               .             -0.00283    192
     518  r    193    EQ         0.00000         0.00000          .               .             -0.00157    193
     519  r    194    EQ         0.00000         0.00000          .               .             -0.00044    194
     520  r    195    EQ         0.00000         0.00000          .               .             -0.00230    195
     521  r    196    EQ         0.00000         0.00000          .               .             -0.00264    196
     522  r    197    EQ         0.00000         0.00000          .               .             -0.00146    197
     523  r    198    EQ         0.00000         0.00000          .               .             -0.00041    198
     524  r    199    EQ         0.00000         0.00000          .               .             -0.00213    199
     525  r    200    EQ         0.00000         0.00000          .               .             -0.00244    200
     526  r    201    EQ         0.00000         0.00000          .               .             -0.00135    201
     527  r    202    EQ         0.00000         0.00000          .               .             -0.00038    202
     528  r    203    EQ         0.00000         0.00000          .               .             -0.00196    203
     529  r    204    EQ         0.00000         0.00000          .               .             -0.00223    204
     530  r    205    EQ         0.00000         0.00000          .               .             -0.00123    205
     531  r    206    EQ         0.00000         0.00000          .               .             -0.00035    206
     532  r    207    EQ         0.00000         0.00000          .               .             -0.00178    207
     533  r    208    EQ         0.00000         0.00000          .               .             -0.00202    208
     534  r    209    EQ         0.00000         0.00000          .               .             -0.00111    209
     535  r    210    EQ         0.00000         0.00000          .               .             -0.00031    210
     536  r    211    EQ         0.00000         0.00000          .               .             -0.00159    211
     537  r    212    EQ         0.00000         0.00000          .               .             -0.00180    212
     538  r    213    EQ         0.00000         0.00000          .               .             -0.00098    213
     539  r    214    EQ         0.00000         0.00000          .               .             -0.00027    214
     540  r    215    EQ         0.00000         0.00000          .               .             -0.00140    215
     541  r    216    EQ         0.00000         0.00000          .               .             -0.00157    216
     542  r    217    EQ         0.00000         0.00000          .               .             -0.00085    217
     543  r    218    EQ         0.00000         0.00000          .               .             -0.00024    218
     544  r    219    EQ         0.00000         0.00000          .               .             -0.00120    219
     545  r    220    EQ         0.00000         0.00000          .               .             -0.00133    220
     546  r    221    EQ         0.00000         0.00000          .               .             -0.00071    221
     547  r    222    EQ         0.00000         0.00000          .               .             -0.00020    222
     548  r    223    EQ         0.00000         0.00000          .               .             -0.00100    223
     549  r    224    EQ         0.00000         0.00000          .               .             -0.00109    224
     550  r    225    EQ         0.00000         0.00000          .               .             -0.00058    225
     551  r    226    EQ         0.00000         0.00000          .               .             -0.00016    226
     552  r    227    EQ         0.00000         0.00000          .               .             -0.00080    227
     553  r    228    EQ         0.00000         0.00000          .               .             -0.00085    228
     554  r    229    EQ         0.00000         0.00000          .               .             -0.00044    229
     555  r    230    EQ         0.00000         0.00000          .               .             -0.00012    230
     556  r    231    EQ         0.00000         0.00000          .               .             -0.00059    231
     557  r    232    EQ         0.00000         0.00000          .               .             -0.00060    232
     558  r    233    EQ         0.00000         0.00000          .               .             -0.00030    233
     559  r    234    EQ         0.00000         0.00000          .               .             -0.00008    234
     560  r    235    EQ         0.00000         0.00000          .               .             -0.00038    235
     561  r    236    EQ         0.00000         0.00000          .               .             -0.00035    236
     562  r    237    EQ         0.00000         0.00000          .               .             -0.00015    237
     563  r    238    EQ         0.00000         0.00000          .               .             -0.00004    238
     564  r    239    EQ         0.00000         0.00000          .               .             -0.00017    239
     565  r    240    EQ         0.00000         0.00000          .               .             -0.00010    240
     566  r    241    EQ         0.00000         0.00000          .               .             -0.00001    241
1
 
 Section 2 - Variables

  Number  .Column. State  ...Value......  .Obj Gradient.  ..Lower Limit.  ..Upper Limit.  .Dual Variable    m+j
 
       1  x      1    EQ          .               .               .               .             -0.14771    242
       2  x      2    BS         0.00000          .            -50.00000        50.00000         0.00000    243
       3  x      3    BS         0.00007          .            -50.00000        50.00000         0.00000    244
       4  x      4    BS         0.00025          .            -50.00000        50.00000         0.00000    245
       5  x      5    BS         0.00033          .            -50.00000        50.00000         0.00000    246
       6  x      6    BS         0.00060          .            -50.00000        50.00000         0.00000    247
       7  x      7    BS         0.00135          .            -50.00000        50.00000        -0.00000    248
       8  x      8    BS         0.00233          .            -50.00000        50.00000        -0.00000    249
       9  x      9    BS         0.00267          .            -50.00000        50.00000        -0.00000    250
      10  x     10    BS         0.00361          .            -50.00000        50.00000        -0.00000    251
      11  x     11    BS         0.00579          .            -50.00000        50.00000        -0.00000    252
      12  x     12    BS         0.00822          .            -50.00000        50.00000        -0.00000    253
      13  x     13    BS         0.00898          .            -50.00000        50.00000        -0.00000    254
      14  x     14    BS         0.01102          .            -50.00000        50.00000        -0.00000    255
      15  x     15    BS         0.01536          .            -50.00000        50.00000        -0.00000    256
      16  x     16    BS         0.01982          .            -50.00000        50.00000        -0.00000    257
      17  x     17    BS         0.02119          .            -50.00000        50.00000         0.00000    258
      18  x     18    BS         0.02472          .            -50.00000        50.00000        -0.00000    259
      19  x     19    BS         0.03191          .            -50.00000        50.00000        -0.00000    260
      20  x     20    BS         0.03900          .            -50.00000        50.00000        -0.00000    261
      21  x     21    BS         0.04112          .            -50.00000        50.00000        -0.00000    262
      22  x     22    BS         0.04651          .            -50.00000        50.00000        -0.00000    263
      23  x     23    BS         0.05721          .            -50.00000        50.00000        -0.00000    264
      24  x     24    BS         0.06746          .            -50.00000        50.00000        -0.00000    265
      25  x     25    BS         0.07048          .            -50.00000        50.00000        -0.00000    266
      26  x     26    BS         0.07809          .            -50.00000        50.00000        -0.00000    267
      27  x     27    BS         0.09291          .            -50.00000        50.00000         0.00000    268
      28  x     28    BS         0.10681          .            -50.00000        50.00000         0.00000    269
      29  x     29    BS         0.11087          .            -50.00000        50.00000         0.00000    270
      30  x     30    BS         0.12101          .            -50.00000        50.00000         0.00000    271
      31  x     31    BS         0.14048          .            -50.00000        50.00000         0.00000    272
      32  x     32    BS         0.15849          .            -50.00000        50.00000        -0.00000    273
      33  x     33    BS         0.16370          .            -50.00000        50.00000        -0.00000    274
      34  x     34    BS         0.17664          .            -50.00000        50.00000        -0.00000    275
      35  x     35    BS         0.20125          .            -50.00000        50.00000         0.00000    276
      36  x     36    BS         0.22374          .            -50.00000        50.00000        -0.00000    277
      37  x     37    BS         0.23021          .            -50.00000        50.00000        -0.00000    278
      38  x     38    BS         0.24620          .            -50.00000        50.00000        -0.00000    279
      39  x     39    BS         0.27634          .            -50.00000        50.00000        -0.00000    280
      40  x     40    BS         0.30363          .            -50.00000        50.00000        -0.00000    281
      41  x     41    BS         0.31145          .            -50.00000        50.00000        -0.00000    282
      42  x     42    BS         0.33067          .            -50.00000        50.00000        -0.00000    283
      43  x     43    BS         0.36668          .            -50.00000        50.00000        -0.00000    284
      44  x     44    BS         0.39901          .            -50.00000        50.00000        -0.00000    285
      45  x     45    BS         0.40823          .            -50.00000        50.00000        -0.00000    286
      46  x     46    BS         0.43084          .            -50.00000        50.00000        -0.00000    287
      47  x     47    BS         0.47294          .            -50.00000        50.00000        -0.00000    288
      48  x     48    BS         0.51050          .            -50.00000        50.00000        -0.00000    289
      49  x     49    BS         0.52116          .            -50.00000        50.00000        -0.00000    290
      50  x     50    BS         0.54726          .            -50.00000        50.00000        -0.00000    291
      51  x     51    BS         0.59560          .            -50.00000        50.00000        -0.00000    292
      52  x     52    BS         0.63848          .            -50.00000        50.00000        -0.00000    293
      53  x     53    BS         0.65062          .            -50.00000        50.00000        -0.00000    294
      54  x     54    BS         0.68025          .            -50.00000        50.00000        -0.00000    295
      55  x     55    BS         0.73488          .            -50.00000        50.00000        -0.00000    296
      56  x     56    BS         0.78310          .            -50.00000        50.00000        -0.00000    297
      57  x     57    BS         0.79672          .            -50.00000        50.00000        -0.00000    298
      58  x     58    BS         0.82988          .            -50.00000        50.00000        -0.00000    299
      59  x     59    BS         0.89077          .            -50.00000        50.00000        -0.00000    300
      60  x     60    BS         0.94428          .            -50.00000        50.00000        -0.00000    301
      61  x     61    BS         0.95935          .            -50.00000        50.00000        -0.00000    302
      62  x     62    BS         0.99598          .            -50.00000        50.00000        -0.00000    303
      63  x     63    BS         1.06301          .            -50.00000        50.00000         0.00000    304
      64  x     64    BS         1.12167          .            -50.00000        50.00000         0.00000    305
      65  x     65    BS         1.13815          .            -50.00000        50.00000         0.00000    306
      66  x     66    BS         1.17815          .            -50.00000        50.00000         0.00000    307
      67  x     67    BS         1.25111          .            -50.00000        50.00000         0.00000    308
      68  x     68    BS         1.31471          .            -50.00000        50.00000         0.00000    309
      69  x     69    BS         1.33254          .            -50.00000        50.00000         0.00000    310
      70  x     70    BS         1.37575          .            -50.00000        50.00000         0.00000    311
      71  x     71    BS         1.45434          .            -50.00000        50.00000         0.00000    312
      72  x     72    BS         1.52260          .            -50.00000        50.00000         0.00000    313
      73  x     73    BS         1.54171          .            -50.00000        50.00000         0.00000    314
      74  x     74    BS         1.58792          .            -50.00000        50.00000         0.00000    315
      75  x     75    BS         1.67174          .            -50.00000        50.00000         0.00000    316
      76  x     76    BS         1.74433          .            -50.00000        50.00000         0.00000    317
      77  x     77    BS         1.76460          .            -50.00000        50.00000         0.00000    318
      78  x     78    BS         1.81358          .            -50.00000        50.00000         0.00000    319
      79  x     79    BS         1.90219          .            -50.00000        50.00000         0.00000    320
      80  x     80    BS         1.97868          .            -50.00000        50.00000        -0.00000    321
      81  x     81    EQ         2.00000          .              2.00000         2.00000         0.14771    322
      82  x     82    EQ          .               .               .               .             -0.05641    323
      83  x     83    BS         0.00038          .            -50.00000        50.00000        -0.00000    324
      84  x     84    BS         0.00290          .            -50.00000        50.00000        -0.00000    325
      85  x     85    BS         0.00691          .            -50.00000        50.00000        -0.00000    326
      86  x     86    BS         0.00832          .            -50.00000        50.00000        -0.00000    327
      87  x     87    BS         0.01223          .            -50.00000        50.00000        -0.00000    328
      88  x     88    BS         0.02102          .            -50.00000        50.00000         0.00000    329
      89  x     89    BS         0.03031          .            -50.00000        50.00000         0.00000    330
      90  x     90    BS         0.03317          .            -50.00000        50.00000         0.00000    331
      91  x     91    BS         0.04054          .            -50.00000        50.00000         0.00000    332
      92  x     92    BS         0.05547          .            -50.00000        50.00000         0.00000    333
      93  x     93    BS         0.06991          .            -50.00000        50.00000         0.00000    334
      94  x     94    BS         0.07418          .            -50.00000        50.00000         0.00000    335
      95  x     95    BS         0.08492          .            -50.00000        50.00000         0.00000    336
      96  x     96    BS         0.10576          .            -50.00000        50.00000         0.00000    337
      97  x     97    BS         0.12514          .            -50.00000        50.00000         0.00000    338
      98  x     98    BS         0.13076          .            -50.00000        50.00000        -0.00000    339
      99  x     99    BS         0.14470          .            -50.00000        50.00000         0.00000    340
     100  x    100    BS         0.17116          .            -50.00000        50.00000         0.00000    341
     101  x    101    BS         0.19519          .            -50.00000        50.00000         0.00000    342
     102  x    102    BS         0.20208          .            -50.00000        50.00000         0.00000    343
     103  x    103    BS         0.21903          .            -50.00000        50.00000         0.00000    344
     104  x    104    BS         0.25072          .            -50.00000        50.00000         0.00000    345
     105  x    105    BS         0.27906          .            -50.00000        50.00000         0.00000    346
     106  x    106    BS         0.28712          .            -50.00000        50.00000         0.00000    347
     107  x    107    BS         0.30682          .            -50.00000        50.00000         0.00000    348
     108  x    108    BS         0.34328          .            -50.00000        50.00000        -0.00000    349
     109  x    109    BS         0.37552          .            -50.00000        50.00000        -0.00000    350
     110  x    110    BS         0.38463          .            -50.00000        50.00000        -0.00000    351
     111  x    111    BS         0.40680          .            -50.00000        50.00000        -0.00000    352
     112  x    112    BS         0.44750          .            -50.00000        50.00000        -0.00000    353
     113  x    113    BS         0.48317          .            -50.00000        50.00000         0.00000    354
     114  x    114    BS         0.49319          .            -50.00000        50.00000         0.00000    355
     115  x    115    BS         0.51752          .            -50.00000        50.00000         0.00000    356
     116  x    116    BS         0.56186          .            -50.00000        50.00000        -0.00000    357
     117  x    117    BS         0.60044          .            -50.00000        50.00000         0.00000    358
     118  x    118    BS         0.61124          .            -50.00000        50.00000         0.00000    359
     119  x    119    BS         0.63737          .            -50.00000        50.00000         0.00000    360
     120  x    120    BS         0.68471          .            -50.00000        50.00000         0.00000    361
     121  x    121    BS         0.72564          .            -50.00000        50.00000         0.00000    362
     122  x    122    BS         0.73705          .            -50.00000        50.00000         0.00000    363
     123  x    123    BS         0.76460          .            -50.00000        50.00000         0.00000    364
     124  x    124    BS         0.81426          .            -50.00000        50.00000         0.00000    365
     125  x    125    BS         0.85694          .            -50.00000        50.00000         0.00000    366
     126  x    126    BS         0.86881          .            -50.00000        50.00000         0.00000    367
     127  x    127    BS         0.89737          .            -50.00000        50.00000         0.00000    368
     128  x    128    BS         0.94862          .            -50.00000        50.00000         0.00000    369
     129  x    129    BS         0.99244          .            -50.00000        50.00000         0.00000    370
     130  x    130    BS         1.00458          .            -50.00000        50.00000         0.00000    371
     131  x    131    BS         1.03374          .            -50.00000        50.00000         0.00000    372
     132  x    132    BS         1.08585          .            -50.00000        50.00000         0.00000    373
     133  x    133    BS         1.13017          .            -50.00000        50.00000         0.00000    374
     134  x    134    BS         1.14241          .            -50.00000        50.00000         0.00000    375
     135  x    135    BS         1.17175          .            -50.00000        50.00000         0.00000    376
     136  x    136    BS         1.22395          .            -50.00000        50.00000         0.00000    377
     137  x    137    BS         1.26812          .            -50.00000        50.00000         0.00000    378
     138  x    138    BS         1.28029          .            -50.00000        50.00000         0.00000    379
     139  x    139    BS         1.30938          .            -50.00000        50.00000         0.00000    380
     140  x    140    BS         1.36092          .            -50.00000        50.00000         0.00000    381
     141  x    141    BS         1.40430          .            -50.00000        50.00000         0.00000    382
     142  x    142    BS         1.41621          .            -50.00000        50.00000         0.00000    383
     143  x    143    BS         1.44463          .            -50.00000        50.00000         0.00000    384
     144  x    144    BS         1.49476          .            -50.00000        50.00000        -0.00000    385
     145  x    145    BS         1.53672          .            -50.00000        50.00000        -0.00000    386
     146  x    146    BS         1.54821          .            -50.00000        50.00000        -0.00000    387
     147  x    147    BS         1.57554          .            -50.00000        50.00000        -0.00000    388
     148  x    148    BS         1.62353          .            -50.00000        50.00000        -0.00000    389
     149  x    149    BS         1.66346          .            -50.00000        50.00000        -0.00000    390
     150  x    150    BS         1.67436          .            -50.00000        50.00000        -0.00000    391
     151  x    151    BS         1.70021          .            -50.00000        50.00000        -0.00000    392
     152  x    152    BS         1.74536          .            -50.00000        50.00000        -0.00000    393
     153  x    153    BS         1.78268          .            -50.00000        50.00000        -0.00000    394
     154  x    154    BS         1.79282          .            -50.00000        50.00000        -0.00000    395
     155  x    155    BS         1.81683          .            -50.00000        50.00000        -0.00000    396
     156  x    156    BS         1.85848          .            -50.00000        50.00000        -0.00000    397
     157  x    157    BS         1.89266          .            -50.00000        50.00000        -0.00000    398
     158  x    158    BS         1.90190          .            -50.00000        50.00000        -0.00000    399
     159  x    159    BS         1.92370          .            -50.00000        50.00000        -0.00000    400
     160  x    160    BS         1.96126          .            -50.00000        50.00000        -0.00000    401
     161  x    161    BS         1.99179          .            -50.00000        50.00000         0.00000    402
     162  x    162    EQ         2.00000          .              2.00000         2.00000         0.05641    403
     163  x    163    EQ          .               .               .               .             -0.10000    404
     164  x    164    BS         0.08668          .            -50.00000        50.00000        -0.00000    405
     165  x    165    BS         0.24103          .            -50.00000        50.00000        -0.00000    406
     166  x    166    BS         0.37188          .            -50.00000        50.00000         0.00000    407
     167  x    167    BS         0.40799          .            -50.00000        50.00000        -0.00000    408
     168  x    168    BS         0.49448          .            -50.00000        50.00000         0.00000    409
     169  x    169    BS         0.64832          .            -50.00000        50.00000         0.00000    410
     170  x    170    BS         0.77858          .            -50.00000        50.00000        -0.00000    411
     171  x    171    BS         0.81449          .            -50.00000        50.00000         0.00000    412
     172  x    172    BS         0.90048          .            -50.00000        50.00000        -0.00000    413
     173  x    173    BS         1.05325          .            -50.00000        50.00000        -0.00000    414
     174  x    174    BS         1.18244          .            -50.00000        50.00000         0.00000    415
     175  x    175    BS         1.21804          .            -50.00000        50.00000         0.00000    416
     176  x    176    BS         1.30320          .            -50.00000        50.00000        -0.00000    417
     177  x    177    BS         1.45436          .            -50.00000        50.00000         0.00000    418
     178  x    178    BS         1.58201          .            -50.00000        50.00000        -0.00000    419
     179  x    179    BS         1.61715          .            -50.00000        50.00000         0.00000    420
     180  x    180    BS         1.70119          .            -50.00000        50.00000         0.00000    421
     181  x    181    BS         1.85018          .            -50.00000        50.00000         0.00000    422
     182  x    182    BS         1.97583          .            -50.00000        50.00000        -0.00000    423
     183  x    183    BS         2.01039          .            -50.00000        50.00000         0.00000    424
     184  x    184    BS         2.09300          .            -50.00000        50.00000         0.00000    425
     185  x    185    BS         2.23927          .            -50.00000        50.00000         0.00000    426
     186  x    186    BS         2.36246          .            -50.00000        50.00000         0.00000    427
     187  x    187    BS         2.39632          .            -50.00000        50.00000         0.00000    428
     188  x    188    BS         2.47719          .            -50.00000        50.00000        -0.00000    429
     189  x    189    BS         2.62022          .            -50.00000        50.00000        -0.00000    430
     190  x    190    BS         2.74051          .            -50.00000        50.00000        -0.00000    431
     191  x    191    BS         2.77354          .            -50.00000        50.00000         0.00000    432
     192  x    192    BS         2.85238          .            -50.00000        50.00000         0.00000    433
     193  x    193    BS         2.99165          .            -50.00000        50.00000        -0.00000    434
     194  x    194    BS         3.10859          .            -50.00000        50.00000         0.00000    435
     195  x    195    BS         3.14068          .            -50.00000        50.00000         0.00000    436
     196  x    196    BS         3.21721          .            -50.00000        50.00000         0.00000    437
     197  x    197    BS         3.35221          .            -50.00000        50.00000        -0.00000    438
     198  x    198    BS         3.46538          .            -50.00000        50.00000        -0.00000    439
     199  x    199    BS         3.49640          .            -50.00000        50.00000         0.00000    440
     200  x    200    BS         3.57034          .            -50.00000        50.00000         0.00000    441
     201  x    201    BS         3.70058          .            -50.00000        50.00000         0.00000    442
     202  x    202    BS         3.80957          .            -50.00000        50.00000        -0.00000    443
     203  x    203    BS         3.83941          .            -50.00000        50.00000         0.00000    444
     204  x    204    BS         3.91049          .            -50.00000        50.00000        -0.00000    445
     205  x    205    BS         4.03549          .            -50.00000        50.00000         0.00000    446
     206  x    206    BS         4.13991          .            -50.00000        50.00000         0.00000    447
     207  x    207    BS         4.16847          .            -50.00000        50.00000         0.00000    448
     208  x    208    BS         4.23643          .            -50.00000        50.00000         0.00000    449
     209  x    209    BS         4.35574          .            -50.00000        50.00000         0.00000    450
     210  x    210    BS         4.45520          .            -50.00000        50.00000         0.00000    451
     211  x    211    BS         4.48237          .            -50.00000        50.00000         0.00000    452
     212  x    212    BS         4.54696          .            -50.00000        50.00000         0.00000    453
     213  x    213    BS         4.66016          .            -50.00000        50.00000         0.00000    454
     214  x    214    BS         4.75430          .            -50.00000        50.00000         0.00000    455
     215  x    215    BS         4.77998          .            -50.00000        50.00000         0.00000    456
     216  x    216    BS         4.84097          .            -50.00000        50.00000         0.00000    457
     217  x    217    BS         4.94763          .            -50.00000        50.00000         0.00000    458
     218  x    218    BS         5.03611          .            -50.00000        50.00000         0.00000    459
     219  x    219    BS         5.06021          .            -50.00000        50.00000         0.00000    460
     220  x    220    BS         5.11738          .            -50.00000        50.00000        -0.00000    461
     221  x    221    BS         5.21712          .            -50.00000        50.00000         0.00000    462
     222  x    222    BS         5.29962          .            -50.00000        50.00000         0.00000    463
     223  x    223    BS         5.32205          .            -50.00000        50.00000         0.00000    464
     224  x    224    BS         5.37519          .            -50.00000        50.00000        -0.00000    465
     225  x    225    BS         5.46765          .            -50.00000        50.00000        -0.00000    466
     226  x    226    BS         5.54386          .            -50.00000        50.00000        -0.00000    467
     227  x    227    BS         5.56454          .            -50.00000        50.00000         0.00000    468
     228  x    228    BS         5.61346          .            -50.00000        50.00000        -0.00000    469
     229  x    229    BS         5.69829          .            -50.00000        50.00000        -0.00000    470
     230  x    230    BS         5.76795          .            -50.00000        50.00000        -0.00000    471
     231  x    231    BS         5.78680          .            -50.00000        50.00000        -0.00000    472
     232  x    232    BS         5.83132          .            -50.00000        50.00000        -0.00000    473
     233  x    233    BS         5.90822          .            -50.00000        50.00000        -0.00000    474
     234  x    234    BS         5.97107          .            -50.00000        50.00000        -0.00000    475
     235  x    235    BS         5.98803          .            -50.00000        50.00000        -0.00000    476
     236  x    236    BS         6.02798          .            -50.00000        50.00000        -0.00000    477
     237  x    237    BS         6.09669          .            -50.00000        50.00000        -0.00000    478
     238  x    238    BS         6.15250          .            -50.00000        50.00000        -0.00000    479
     239  x    239    BS         6.16750          .            -50.00000        50.00000        -0.00000    480
     240  x    240    BS         6.20274          .            -50.00000        50.00000        -0.00000    481
     241  x    241    BS         6.26300          .            -50.00000        50.00000        -0.00000    482
     242  x    242    BS         6.31157          .            -50.00000        50.00000         0.00000    483
     243  x    243    BS         6.32456          .            -50.00000        50.00000        -0.00000    484
     244  x    244   SBS         1.57080          .             -3.14159         3.14159         0.00000    485
     245  x    245   SBS         1.55797          .             -3.14159         3.14159        -0.00000    486
     246  x    246   SBS         1.53516          .             -3.14159         3.14159        -0.00000    487
     247  x    247   SBS         1.51584          .             -3.14159         3.14159        -0.00000    488
     248  x    248   SBS         1.51048          .             -3.14159         3.14159        -0.00000    489
     249  x    249   SBS         1.49771          .             -3.14159         3.14159         0.00000    490
     250  x    250   SBS         1.47491          .             -3.14159         3.14159         0.00000    491
     251  x    251   SBS         1.45553          .             -3.14159         3.14159        -0.00000    492
     252  x    252   SBS         1.45019          .             -3.14159         3.14159        -0.00000    493
     253  x    253   SBS         1.43742          .             -3.14159         3.14159         0.00000    494
     254  x    254   SBS         1.41456          .             -3.14159         3.14159        -0.00000    495
     255  x    255   SBS         1.39528          .             -3.14159         3.14159         0.00000    496
     256  x    256   SBS         1.38991          .             -3.14159         3.14159         0.00000    497
     257  x    257   SBS         1.37707          .             -3.14159         3.14159        -0.00000    498
     258  x    258   SBS         1.35430          .             -3.14159         3.14159         0.00000    499
     259  x    259   SBS         1.33487          .             -3.14159         3.14159        -0.00000    500
     260  x    260   SBS         1.32962          .             -3.14159         3.14159         0.00000    501
     261  x    261   SBS         1.31683          .             -3.14159         3.14159         0.00000    502
     262  x    262   SBS         1.29398          .             -3.14159         3.14159        -0.00000    503
     263  x    263   SBS         1.27460          .             -3.14159         3.14159        -0.00000    504
     264  x    264   SBS         1.26936          .             -3.14159         3.14159         0.00000    505
     265  x    265   SBS         1.25648          .             -3.14159         3.14159        -0.00000    506
     266  x    266   SBS         1.23368          .             -3.14159         3.14159        -0.00000    507
     267  x    267   SBS         1.21439          .             -3.14159         3.14159         0.00000    508
     268  x    268   SBS         1.20908          .             -3.14159         3.14159         0.00000    509
     269  x    269   SBS         1.19609          .             -3.14159         3.14159        -0.00000    510
     270  x    270   SBS         1.17338          .             -3.14159         3.14159        -0.00000    511
     271  x    271   SBS         1.15402          .             -3.14159         3.14159        -0.00000    512
     272  x    272   SBS         1.14878          .             -3.14159         3.14159         0.00000    513
     273  x    273   SBS         1.13592          .             -3.14159         3.14159         0.00000    514
     274  x    274   SBS         1.11309          .             -3.14159         3.14159         0.00000    515
     275  x    275   SBS         1.09374          .             -3.14159         3.14159         0.00000    516
     276  x    276   SBS         1.08844          .             -3.14159         3.14159         0.00000    517
     277  x    277   SBS         1.07558          .             -3.14159         3.14159        -0.00000    518
     278  x    278   SBS         1.05279          .             -3.14159         3.14159         0.00000    519
     279  x    279   SBS         1.03343          .             -3.14159         3.14159        -0.00000    520
     280  x    280   SBS         1.02812          .             -3.14159         3.14159         0.00000    521
     281  x    281   SBS         1.01531          .             -3.14159         3.14159         0.00000    522
     282  x    282   SBS         0.99249          .             -3.14159         3.14159         0.00000    523
     283  x    283   SBS         0.97311          .             -3.14159         3.14159        -0.00000    524
     284  x    284   SBS         0.96782          .             -3.14159         3.14159         0.00000    525
     285  x    285   SBS         0.95498          .             -3.14159         3.14159        -0.00000    526
     286  x    286   SBS         0.93219          .             -3.14159         3.14159         0.00000    527
     287  x    287   SBS         0.91285          .             -3.14159         3.14159         0.00000    528
     288  x    288   SBS         0.90751          .             -3.14159         3.14159         0.00000    529
     289  x    289   SBS         0.89468          .             -3.14159         3.14159        -0.00000    530
     290  x    290   SBS         0.87189          .             -3.14159         3.14159         0.00000    531
     291  x    291   SBS         0.85253          .             -3.14159         3.14159         0.00000    532
     292  x    292   SBS         0.84719          .             -3.14159         3.14159         0.00000    533
     293  x    293   SBS         0.83439          .             -3.14159         3.14159         0.00000    534
     294  x    294   SBS         0.81159          .             -3.14159         3.14159         0.00000    535
     295  x    295   SBS         0.79223          .             -3.14159         3.14159        -0.00000    536
     296  x    296   SBS         0.78689          .             -3.14159         3.14159        -0.00000    537
     297  x    297   SBS         0.77409          .             -3.14159         3.14159         0.00000    538
     298  x    298   SBS         0.75127          .             -3.14159         3.14159        -0.00000    539
     299  x    299   SBS         0.73193          .             -3.14159         3.14159        -0.00000    540
     300  x    300   SBS         0.72658          .             -3.14159         3.14159        -0.00000    541
     301  x    301   SBS         0.71378          .             -3.14159         3.14159        -0.00000    542
     302  x    302   SBS         0.69100          .             -3.14159         3.14159         0.00000    543
     303  x    303   SBS         0.67162          .             -3.14159         3.14159        -0.00000    544
     304  x    304   SBS         0.66629          .             -3.14159         3.14159         0.00000    545
     305  x    305   SBS         0.65348          .             -3.14159         3.14159        -0.00000    546
     306  x    306   SBS         0.63066          .             -3.14159         3.14159        -0.00000    547
     307  x    307   SBS         0.61132          .             -3.14159         3.14159        -0.00000    548
     308  x    308   SBS         0.60600          .             -3.14159         3.14159         0.00000    549
     309  x    309   SBS         0.59318          .             -3.14159         3.14159        -0.00000    550
     310  x    310   SBS         0.57037          .             -3.14159         3.14159        -0.00000    551
     311  x    311   SBS         0.55102          .             -3.14159         3.14159        -0.00000    552
     312  x    312   SBS         0.54567          .             -3.14159         3.14159        -0.00000    553
     313  x    313   SBS         0.53284          .             -3.14159         3.14159        -0.00000    554
     314  x    314   SBS         0.51009          .             -3.14159         3.14159         0.00000    555
     315  x    315   SBS         0.49066          .             -3.14159         3.14159        -0.00000    556
     316  x    316   SBS         0.48537          .             -3.14159         3.14159        -0.00000    557
     317  x    317   SBS         0.47268          .             -3.14159         3.14159         0.00000    558
     318  x    318   SBS         0.44979          .             -3.14159         3.14159         0.00000    559
     319  x    319   SBS         0.43041          .             -3.14159         3.14159        -0.00000    560
     320  x    320   SBS         0.42499          .             -3.14159         3.14159        -0.00000    561
     321  x    321   SBS         0.41229          .             -3.14159         3.14159         0.00000    562
     322  x    322    BS         0.38958          .             -3.14159         3.14159         0.00000    563
     323  x    323   SBS         0.37009          .             -3.14159         3.14159        -0.00000    564
     324  x    324    EQ          .               .               .               .              1.00000    565
     325  x    325    BS         0.81647         1.0              .            100.00000         0.00000    566
 
 Time for MPS input                             0.00 seconds
 Time for solving problem                       0.33 seconds
 Time for solution output                       0.02 seconds
 Time for constraint functions                  0.22 seconds
 Time for objective function                    0.00 seconds
