      Timing level                                                     3
1
 
 SNMEMA EXIT 100 -- finished successfully
 SNMEMA INFO 104 -- memory requirements estimated
1
 
 Parameters
 ==========

 Files
 -----
 Solution file..........         0       Old basis file ........         0       Standard input.........         5
 Insert file............         0       New basis file ........         0       (Printer)..............         9
 Punch file.............         0       Backup basis file......         0       (Specs file)...........         0
 Load file..............         0       Dump file..............         0       Standard output........         6

 Frequencies
 -----------
 Print frequency........       100       Check frequency........        60       Save new basis map.....       100
 Summary frequency......       100       Factorization frequency        50       Expand frequency.......     10000

 QP subproblems
 --------------
 QPsolver Cholesky......
 Scale tolerance........     0.900       Minor feasibility tol..  1.00E-06       Iteration limit........     10000
 Scale option...........         0       Minor optimality  tol..  1.00E-06       Minor print level......         1
 Crash tolerance........     0.100       Pivot tolerance........  3.25E-11       New superbasics........        99
 Crash option...........         3       Elastic weight.........  1.00E+05

 Partial pricing
 ---------------
 LP Partial price.......         1       Prtl price section ( A)       323       Prtl price section (-I)       161
 QP Partial price.......         1       Prtl price section ( A)       323       Prtl price section (-I)       161

 The SQP Method
 --------------
 Minimize...............                 Cold start.............                 Proximal Point method..         1
 Nonlinear objectiv vars       322       Objective Row..........         1       Function precision.....  3.00E-13
 Unbounded step size....  1.00E+20       Superbasics limit......       323       Difference interval....  5.48E-07
 Unbounded objective....  1.00E+10       Reduced Hessian dim....       323       Central difference int.  6.70E-05
 Major step limit.......  2.00E+00       Derivative linesearch..                 Derivative option......         1
 Major iterations limit.      1000       Linesearch tolerance...   0.90000       Verify level...........        -1
 Minor iterations limit.       500       Penalty parameter......  0.00E+00       Major Print Level......         1
 Time limit (secs)...... 9999999.0       Major optimality tol...  2.00E-06

 Hessian Approximation
 ---------------------
 Hessian limited-memory.                 Hessian updates........        10       Hessian frequency......  99999999
                                                                                 Hessian flush..........  99999999

 Nonlinear constraints
 ---------------------
 Nonlinear constraints..       160       Major feasibility tol..  1.00E-06       Violation limit........  1.00E+01
 Nonlinear Jacobian vars       323

 Miscellaneous
 -------------
 LU factor tolerance....      3.99       LU singularity tol.....  3.25E-11       Timing level...........         3
 LU update tolerance....      3.99       LU swap tolerance......  1.22E-04       Debug level............         0
 LU partial  pivoting...                 eps (machine precision)  2.22E-16       System information.....        No
                                                                                 Sticky parameters......        No

 Total char*8  workspace       500       Total integer workspace     55487       Total real    workspace    108435
 Total char*8  (minimum)       500       Total integer (minimum)     15462       Total real    (minimum)     87119
 
1
 

 

 Matrix statistics
 -----------------
               Total      Normal        Free       Fixed     Bounded
 Rows            161           0           1         160           0
 Columns         323           0           0           4         319

 No. of matrix elements                 1280     Density       2.461
 Biggest  constant element        0.0000E+00  (excluding fixed columns,
 Smallest constant element        0.0000E+00   free rows, and RHS)

 No. of objective coefficients             0

 Nonlinear constraints     160     Linear constraints       1
 Nonlinear variables       323     Linear variables         0
 Jacobian  variables       323     Objective variables    322
 Total constraints         161     Total variables        323
1
 
 Initial basis
 -------------

 No basis file supplied

 Crash option  3

 Crash on linear E  rows:

 Crash on linear LG rows:
 Slacks     1  Free cols     0  Preferred     0
 Unit       0  Double        0  Triangle      0  Pad     0

 Itn      0: Feasible linear rows
 Itn      0: PP1.  Minimizing  Norm(x-x0)

 Itn      0: PP1.  Norm(x-x0) approximately minimized  (0.00E+00)

 
 The user has defined    1602   out of    1602   first  derivatives

 Crash on nonlinear rows:
 Slacks     0  Free cols     0  Preferred     0
 Unit     160  Double        0  Triangle      0  Pad     0
1
 
 Itn      0: Hessian set to a scaled identity matrix

    Itn     QP mult  QP step   rgNorm          NonOpt   QP Objective   +SBS   -SBS    -BS    Pivot     L+U ncp    nS condZHZ
    100              1.0E+00  2.9E-15              68  1.8595971E+02                                   161        91 5.7E+00
 

   Itns Major Minors    Step   nCon Feasible  Optimal  MeritFunction     L+U BSwap     nS condZHZ Penalty
    115     0    115              1  5.0E-01  5.9E+00  2.5000000E+01     161           99 5.7E+00         _  r  T
 Itn    115: Hessian set to a scaled identity matrix

    Itn     QP mult  QP step   rgNorm          NonOpt   QP Objective   +SBS   -SBS    -BS    Pivot     L+U ncp    nS condZHZ
    215     7.9E+00  1.0E+00  6.7E-12              11  3.4284245E+01     19                            161       149 8.4E+00

   Itns Major Minors    Step   nCon Feasible  Optimal  MeritFunction     L+U BSwap     nS condZHZ Penalty
    236     1    121 7.1E-01      2  2.1E-01  5.0E-01  1.1767016E+02     161          159 8.4E+00 5.5E-02 _  rl
    237     2      1 1.0E+00      3  4.0E-02  1.7E-01  2.4966281E+01     161          159 1.1E+01 5.5E-02 _s
    238     3      1 1.0E+00      4  6.2E-02  1.8E-01  1.2018112E+01     161          159 1.2E+01 5.5E-02 _
    239     4      1 4.6E-01      6  7.8E-02  3.1E-01  7.3803241E+00     161          159 1.5E+01 5.5E-02 _
    240     5      1 5.2E-01      8  6.4E-02  1.6E-01  5.0199210E+00     161          159 1.6E+01 5.5E-02 _
    241     6      1 1.0E+00      9  2.1E-02  9.5E-02  1.8357729E+00     161          159 1.5E+01 5.5E-02 _
    242     7      1 1.0E+00     10  1.8E-03  6.0E-02  1.3320837E+00     161          159 1.5E+01 5.5E-02 _
    243     8      1 1.0E+00     11  1.7E-03  3.2E-02  1.1955304E+00     652   126    159 9.8E+00 5.5E-02 _
    244     9      1 1.0E+00     12  4.8E-04  2.4E-02  1.1523696E+00     652          159 9.8E+00 5.5E-02 _
    245    10      1 1.0E+00     13  7.5E-05  2.0E-02  1.1466713E+00     652          159 1.0E+01 5.5E-02 _
    246    11      1 1.0E+00     14  1.7E-04  1.0E-02  1.1443086E+00     652          159 1.1E+01 5.5E-02 _
 Itn    246: Hessian off-diagonals discarded
    247    12      1 1.0E+00     15  2.6E-05  9.0E-03  1.1437031E+00     652          159 1.2E+01 5.5E-02 _  R
    248    13      1 1.0E+00     16  1.8E-06  8.4E-03  1.1434625E+00     652          159 1.8E+01 5.5E-02 _s
    249    14      1 1.0E+00     17  9.4E-05  3.5E-03  1.1426639E+00     652          159 1.9E+01 5.5E-02 _
    250    15      1 4.9E-01     19  4.8E-05  4.9E-04  1.1425932E+00     652          159 1.8E+01 5.5E-02 _
    251    16      1 1.0E+00     20 (1.9E-07) 1.4E-04  1.1425896E+00     652          159 1.9E+01 5.5E-02 _
    252    17      1 1.0E+00     21 (2.7E-08) 1.1E-04  1.1425895E+00     645    39    159 2.1E+01 5.5E-02 _
    253    18      1 1.0E+00     22 (3.4E-09) 2.2E-05  1.1425893E+00     645          159 2.1E+01 5.5E-02 _
    254    19      1 1.0E+00     23 (8.2E-10) 1.5E-05  1.1425893E+00     645          159 2.4E+01 5.5E-02 _

   Itns Major Minors    Step   nCon Feasible  Optimal  MeritFunction     L+U BSwap     nS condZHZ Penalty
    255    20      1 1.0E+00     24 (2.5E-10) 8.4E-06  1.1425893E+00     645          159 2.5E+01 5.5E-02 _
    256    21      1 1.0E+00     25 (8.5E-11) 1.1E-05  1.1425893E+00     645          159 2.5E+01 5.5E-02 _
    257    22      1 1.0E+00     26 (3.5E-11)(1.8E-06) 1.1425893E+00     645          159 2.5E+01 5.5E-02 _
1
 
 SNOPTA EXIT   0 -- finished successfully
 SNOPTA INFO   1 -- optimality conditions satisfied

 Problem name
 No. of iterations                 257   Objective            1.1425892965E+00
 No. of major iterations            22   Linear    obj. term  0.0000000000E+00
 Penalty parameter           5.536E-02   Nonlinear obj. term  1.1425892965E+00
 User function calls (total)        26
 No. of superbasics                159   No. of basic nonlinears           160
 No. of degenerate steps             0   Percentage                       0.00
 Max x                     322 5.0E+01   Max pi                    161 1.0E+00
 Max Primal infeas           0 0.0E+00   Max Dual infeas           320 1.8E-06
 Nonlinear constraint violn    1.8E-09
1
 
 Name                                    Objective Value      1.1425892965E+00

 Status         Optimal Soln             Iteration    257    Superbasics   159

 Objective               (Min)
 RHS
 Ranges
 Bounds

 Section 1 - Constraints

  Number  ...Row.. State  ...Value......  Slack Value...  ..Lower Limit.  ..Upper Limit.  .Dual Variable    ..i
 
     324  r      1    BS          .               .                None            None         -1.0          1
     325  r      2    EQ        -0.00000        -0.00000          .               .              0.00133      2
     326  r      3    EQ         0.00000         0.00000          .               .              0.00717      3
     327  r      4    EQ         0.00000         0.00000          .               .              0.00704      4
     328  r      5    EQ         0.00000         0.00000          .               .              0.00294      5
     329  r      6    EQ         0.00000         0.00000          .               .              0.00076      6
     330  r      7    EQ         0.00000         0.00000          .               .              0.00316      7
     331  r      8    EQ         0.00000         0.00000          .               .              0.00239      8
     332  r      9    EQ         0.00000         0.00000          .               .              0.00091      9
     333  r     10    EQ         0.00000         0.00000          .               .              0.00023     10
     334  r     11    EQ         0.00000         0.00000          .               .              0.00094     11
     335  r     12    EQ         0.00000         0.00000          .               .              0.00069     12
     336  r     13    EQ         0.00000         0.00000          .               .              0.00026     13
     337  r     14    EQ         0.00000         0.00000          .               .              0.00007     14
     338  r     15    EQ         0.00000         0.00000          .               .              0.00027     15
     339  r     16    EQ         0.00000         0.00000          .               .              0.00020     16
     340  r     17    EQ         0.00000         0.00000          .               .              0.00008     17
     341  r     18    EQ         0.00000         0.00000          .               .              0.00002     18
     342  r     19    EQ         0.00000         0.00000          .               .              0.00008     19
     343  r     20    EQ         0.00000         0.00000          .               .              0.00006     20
     344  r     21    EQ         0.00000         0.00000          .               .              0.00002     21
     345  r     22    EQ         0.00000         0.00000          .               .              0.00001     22
     346  r     23    EQ         0.00000         0.00000          .               .              0.00002     23
     347  r     24    EQ         0.00000         0.00000          .               .              0.00002     24
     348  r     25    EQ         0.00000         0.00000          .               .              0.00001     25
     349  r     26 A  EQ         0.00000         0.00000          .               .              0.00000     26
     350  r     27    EQ        -0.00000        -0.00000          .               .              0.00001     27
     351  r     28    EQ         0.00000         0.00000          .               .              0.00000     28
     352  r     29 A  EQ         0.00000         0.00000          .               .              0.00000     29
     353  r     30 A  EQ         0.00000         0.00000          .               .              0.00000     30
     354  r     31 A  EQ         0.00000         0.00000          .               .              0.00000     31
     355  r     32 A  EQ         0.00000         0.00000          .               .              0.00000     32
     356  r     33 A  EQ         0.00000         0.00000          .               .              0.00000     33
     357  r     34 A  EQ         0.00000         0.00000          .               .              0.00000     34
     358  r     35 A  EQ         0.00000         0.00000          .               .              0.00000     35
     359  r     36 A  EQ         0.00000         0.00000          .               .              0.00000     36
     360  r     37 A  EQ         0.00000         0.00000          .               .              0.00000     37
     361  r     38 A  EQ         0.00000         0.00000          .               .              0.00000     38
     362  r     39 A  EQ         0.00000         0.00000          .               .              0.00000     39
     363  r     40 A  EQ         0.00000         0.00000          .               .              0.00000     40
     364  r     41 A  EQ         0.00000         0.00000          .               .              0.00000     41
     365  r     42 A  EQ         0.00000         0.00000          .               .              0.00000     42
     366  r     43 A  EQ         0.00000         0.00000          .               .              0.00000     43
     367  r     44 A  EQ         0.00000         0.00000          .               .              0.00000     44
     368  r     45 A  EQ         0.00000         0.00000          .               .              0.00000     45
     369  r     46 A  EQ         0.00000         0.00000          .               .              0.00000     46
     370  r     47 A  EQ         0.00000         0.00000          .               .              0.00000     47
     371  r     48 A  EQ         0.00000         0.00000          .               .              0.00000     48
     372  r     49 A  EQ        -0.00000        -0.00000          .               .              0.00000     49
     373  r     50 A  EQ        -0.00000        -0.00000          .               .              0.00000     50
     374  r     51 A  EQ         0.00000         0.00000          .               .              0.00000     51
     375  r     52 A  EQ        -0.00000        -0.00000          .               .              0.00000     52
     376  r     53 A  EQ        -0.00000        -0.00000          .               .              0.00000     53
     377  r     54 A  EQ        -0.00000        -0.00000          .               .              0.00000     54
     378  r     55 A  EQ         0.00000         0.00000          .               .              0.00000     55
     379  r     56 A  EQ        -0.00000        -0.00000          .               .              0.00000     56
     380  r     57 A  EQ        -0.00000        -0.00000          .               .              0.00000     57
     381  r     58 A  EQ        -0.00000        -0.00000          .               .              0.00000     58
     382  r     59 A  EQ         0.00000         0.00000          .               .              0.00000     59
     383  r     60 A  EQ        -0.00000        -0.00000          .               .              0.00000     60
     384  r     61 A  EQ        -0.00000        -0.00000          .               .              0.00000     61
     385  r     62 A  EQ        -0.00000        -0.00000          .               .              0.00000     62
     386  r     63 A  EQ        -0.00000        -0.00000          .               .              0.00000     63
     387  r     64 A  EQ         0.00000         0.00000          .               .              0.00000     64
     388  r     65 A  EQ        -0.00000        -0.00000          .               .              0.00000     65
     389  r     66 A  EQ        -0.00000        -0.00000          .               .              0.00000     66
     390  r     67 A  EQ         0.00000         0.00000          .               .              0.00000     67
     391  r     68 A  EQ        -0.00000        -0.00000          .               .              0.00000     68
     392  r     69 A  EQ        -0.00000        -0.00000          .               .              0.00000     69
     393  r     70 A  EQ        -0.00000        -0.00000          .               .              0.00000     70
     394  r     71 A  EQ         0.00000         0.00000          .               .              0.00000     71
     395  r     72 A  EQ        -0.00000        -0.00000          .               .              0.00000     72
     396  r     73 A  EQ        -0.00000        -0.00000          .               .              0.00000     73
     397  r     74 A  EQ        -0.00000        -0.00000          .               .              0.00000     74
     398  r     75 A  EQ         0.00000         0.00000          .               .              0.00000     75
     399  r     76 A  EQ        -0.00000        -0.00000          .               .              0.00000     76
     400  r     77 A  EQ        -0.00000        -0.00000          .               .              0.00000     77
     401  r     78 A  EQ        -0.00000        -0.00000          .               .              0.00000     78
     402  r     79 A  EQ         0.00000         0.00000          .               .              0.00000     79
     403  r     80 A  EQ        -0.00000        -0.00000          .               .              0.00000     80
     404  r     81 A  EQ        -0.00000        -0.00000          .               .              0.00000     81
     405  r     82 A  EQ        -0.00000        -0.00000          .               .              0.00000     82
     406  r     83 A  EQ         0.00000         0.00000          .               .              0.00000     83
     407  r     84 A  EQ        -0.00000        -0.00000          .               .              0.00000     84
     408  r     85 A  EQ         0.00000         0.00000          .               .              0.00000     85
     409  r     86 A  EQ         0.00000         0.00000          .               .             -0.00000     86
     410  r     87 A  EQ         0.00000         0.00000          .               .             -0.00000     87
     411  r     88 A  EQ         0.00000         0.00000          .               .             -0.00000     88
     412  r     89 A  EQ         0.00000         0.00000          .               .             -0.00000     89
     413  r     90 A  EQ         0.00000         0.00000          .               .             -0.00000     90
     414  r     91 A  EQ        -0.00000        -0.00000          .               .              0.00000     91
     415  r     92 A  EQ         0.00000         0.00000          .               .              0.00000     92
     416  r     93 A  EQ         0.00000         0.00000          .               .              0.00000     93
     417  r     94 A  EQ         0.00000         0.00000          .               .             -0.00000     94
     418  r     95 A  EQ        -0.00000        -0.00000          .               .             -0.00000     95
     419  r     96 A  EQ         0.00000         0.00000          .               .             -0.00000     96
     420  r     97 A  EQ         0.00000         0.00000          .               .             -0.00000     97
     421  r     98 A  EQ         0.00000         0.00000          .               .              0.00000     98
     422  r     99 A  EQ         0.00000         0.00000          .               .              0.00000     99
     423  r    100 A  EQ         0.00000         0.00000          .               .             -0.00000    100
     424  r    101 A  EQ         0.00000         0.00000          .               .             -0.00000    101
     425  r    102 A  EQ         0.00000         0.00000          .               .              0.00000    102
     426  r    103 A  EQ         0.00000         0.00000          .               .              0.00000    103
     427  r    104 A  EQ        -0.00000        -0.00000          .               .              0.00000    104
     428  r    105 A  EQ         0.00000         0.00000          .               .             -0.00000    105
     429  r    106 A  EQ         0.00000         0.00000          .               .              0.00000    106
     430  r    107 A  EQ         0.00000         0.00000          .               .              0.00000    107
     431  r    108 A  EQ         0.00000         0.00000          .               .              0.00000    108
     432  r    109 A  EQ         0.00000         0.00000          .               .             -0.00000    109
     433  r    110 A  EQ         0.00000         0.00000          .               .              0.00000    110
     434  r    111 A  EQ         0.00000         0.00000          .               .              0.00000    111
     435  r    112 A  EQ         0.00000         0.00000          .               .             -0.00000    112
     436  r    113 A  EQ         0.00000         0.00000          .               .             -0.00000    113
     437  r    114 A  EQ         0.00000         0.00000          .               .             -0.00000    114
     438  r    115 A  EQ         0.00000         0.00000          .               .             -0.00000    115
     439  r    116 A  EQ         0.00000         0.00000          .               .             -0.00000    116
     440  r    117 A  EQ         0.00000         0.00000          .               .             -0.00000    117
     441  r    118 A  EQ         0.00000         0.00000          .               .             -0.00000    118
     442  r    119 A  EQ         0.00000         0.00000          .               .             -0.00000    119
     443  r    120 A  EQ         0.00000         0.00000          .               .             -0.00000    120
     444  r    121 A  EQ         0.00000         0.00000          .               .             -0.00000    121
     445  r    122 A  EQ         0.00000         0.00000          .               .             -0.00000    122
     446  r    123 A  EQ         0.00000         0.00000          .               .             -0.00000    123
     447  r    124 A  EQ         0.00000         0.00000          .               .             -0.00000    124
     448  r    125 A  EQ         0.00000         0.00000          .               .             -0.00000    125
     449  r    126 A  EQ         0.00000         0.00000          .               .             -0.00000    126
     450  r    127 A  EQ         0.00000         0.00000          .               .             -0.00000    127
     451  r    128 A  EQ         0.00000         0.00000          .               .             -0.00000    128
     452  r    129 A  EQ         0.00000         0.00000          .               .             -0.00000    129
     453  r    130 A  EQ         0.00000         0.00000          .               .             -0.00000    130
     454  r    131 A  EQ         0.00000         0.00000          .               .             -0.00000    131
     455  r    132 A  EQ         0.00000         0.00000          .               .             -0.00000    132
     456  r    133 A  EQ         0.00000         0.00000          .               .             -0.00000    133
     457  r    134 A  EQ         0.00000         0.00000          .               .             -0.00000    134
     458  r    135    EQ         0.00000         0.00000          .               .             -0.00000    135
     459  r    136    EQ         0.00000         0.00000          .               .             -0.00001    136
     460  r    137    EQ        -0.00000        -0.00000          .               .             -0.00000    137
     461  r    138 A  EQ         0.00000         0.00000          .               .             -0.00000    138
     462  r    139    EQ         0.00000         0.00000          .               .             -0.00001    139
     463  r    140    EQ         0.00000         0.00000          .               .             -0.00002    140
     464  r    141    EQ         0.00000         0.00000          .               .             -0.00002    141
     465  r    142    EQ         0.00000         0.00000          .               .             -0.00001    142
     466  r    143    EQ         0.00000         0.00000          .               .             -0.00004    143
     467  r    144    EQ         0.00000         0.00000          .               .             -0.00007    144
     468  r    145    EQ         0.00000         0.00000          .               .             -0.00006    145
     469  r    146    EQ         0.00000         0.00000          .               .             -0.00002    146
     470  r    147    EQ         0.00000         0.00000          .               .             -0.00013    147
     471  r    148    EQ         0.00000         0.00000          .               .             -0.00025    148
     472  r    149    EQ         0.00000         0.00000          .               .             -0.00021    149
     473  r    150    EQ         0.00000         0.00000          .               .             -0.00007    150
     474  r    151    EQ         0.00000         0.00000          .               .             -0.00046    151
     475  r    152    EQ         0.00000         0.00000          .               .             -0.00087    152
     476  r    153    EQ         0.00000         0.00000          .               .             -0.00074    153
     477  r    154    EQ         0.00000         0.00000          .               .             -0.00023    154
     478  r    155    EQ         0.00000         0.00000          .               .             -0.00162    155
     479  r    156    EQ         0.00000         0.00000          .               .             -0.00309    156
     480  r    157    EQ         0.00000         0.00000          .               .             -0.00271    157
     481  r    158    EQ         0.00000         0.00000          .               .             -0.00051    158
     482  r    159    EQ         0.00000         0.00000          .               .             -0.00717    159
     483  r    160    EQ         0.00000         0.00000          .               .             -0.01320    160
     484  r    161    EQ         0.00000         0.00000          .               .             -0.01950    161
1
 
 Section 2 - Variables

  Number  .Column. State  ...Value......  .Obj Gradient.  ..Lower Limit.  ..Upper Limit.  .Dual Variable    m+j
 
       1  x      1    EQ         1.0             0.07813         1.0             1.0             0.41436    162
       2  x      2    BS         0.71446         0.29368       -50.00000        50.00000         0.00000    163
       3  x      3    BS         0.44341         0.21516       -50.00000        50.00000        -0.00000    164
       4  x      4    BS         0.28785         0.07932       -50.00000        50.00000        -0.00000    165
       5  x      5    BS         0.26122         0.02041       -50.00000        50.00000        -0.00000    166
       6  x      6    BS         0.20021         0.08230       -50.00000        50.00000        -0.00000    167
       7  x      7    BS         0.12484         0.06058       -50.00000        50.00000         0.00000    168
       8  x      8    BS         0.08352         0.02302       -50.00000        50.00000         0.00000    169
       9  x      9   SBS         0.07480         0.00584       -50.00000        50.00000         0.00000    170
      10  x     10    BS         0.05736         0.02358       -50.00000        50.00000         0.00000    171
      11  x     11    BS         0.03575         0.01735       -50.00000        50.00000         0.00000    172
      12  x     12    BS         0.02394         0.00660       -50.00000        50.00000         0.00000    173
      13  x     13   SBS         0.02143         0.00167       -50.00000        50.00000         0.00000    174
      14  x     14    BS         0.01643         0.00676       -50.00000        50.00000         0.00000    175
      15  x     15    BS         0.01024         0.00497       -50.00000        50.00000         0.00000    176
      16  x     16   SBS         0.00686         0.00189       -50.00000        50.00000         0.00000    177
      17  x     17    BS         0.00614         0.00048       -50.00000        50.00000         0.00000    178
      18  x     18    BS         0.00471         0.00194       -50.00000        50.00000         0.00000    179
      19  x     19    BS         0.00294         0.00142       -50.00000        50.00000         0.00000    180
      20  x     20    BS         0.00197         0.00054       -50.00000        50.00000         0.00000    181
      21  x     21   SBS         0.00176         0.00014       -50.00000        50.00000         0.00000    182
      22  x     22    BS         0.00135         0.00055       -50.00000        50.00000         0.00000    183
      23  x     23    BS         0.00084         0.00041       -50.00000        50.00000         0.00000    184
      24  x     24    BS         0.00056         0.00016       -50.00000        50.00000         0.00000    185
      25  x     25    BS         0.00050         0.00004       -50.00000        50.00000         0.00000    186
      26  x     26    BS         0.00039         0.00016       -50.00000        50.00000         0.00000    187
      27  x     27    BS         0.00024         0.00012       -50.00000        50.00000         0.00000    188
      28  x     28    BS         0.00016         0.00004       -50.00000        50.00000         0.00000    189
      29  x     29   SBS         0.00014         0.00001       -50.00000        50.00000         0.00000    190
      30  x     30    BS         0.00011         0.00005       -50.00000        50.00000         0.00000    191
      31  x     31    BS         0.00007         0.00003       -50.00000        50.00000         0.00000    192
      32  x     32    BS         0.00005         0.00001       -50.00000        50.00000         0.00000    193
      33  x     33    BS         0.00004         0.00000       -50.00000        50.00000         0.00000    194
      34  x     34    BS         0.00003         0.00001       -50.00000        50.00000         0.00000    195
      35  x     35    BS         0.00002         0.00001       -50.00000        50.00000         0.00000    196
      36  x     36    BS         0.00001         0.00000       -50.00000        50.00000         0.00000    197
      37  x     37    BS         0.00001         0.00000       -50.00000        50.00000         0.00000    198
      38  x     38    BS         0.00001         0.00000       -50.00000        50.00000         0.00000    199
      39  x     39    BS         0.00001         0.00000       -50.00000        50.00000         0.00000    200
      40  x     40   SBS         0.00000         0.00000       -50.00000        50.00000         0.00000    201
      41  x     41    BS         0.00000         0.00000       -50.00000        50.00000         0.00000    202
      42  x     42    BS         0.00000         0.00000       -50.00000        50.00000         0.00000    203
      43  x     43    BS         0.00000         0.00000       -50.00000        50.00000         0.00000    204
      44  x     44    BS         0.00000         0.00000       -50.00000        50.00000         0.00000    205
      45  x     45   SBS         0.00000         0.00000       -50.00000        50.00000         0.00000    206
      46  x     46    BS         0.00000         0.00000       -50.00000        50.00000         0.00000    207
      47  x     47    BS         0.00000         0.00000       -50.00000        50.00000         0.00000    208
      48  x     48    BS         0.00000         0.00000       -50.00000        50.00000        -0.00000    209
      49  x     49    BS         0.00000         0.00000       -50.00000        50.00000        -0.00000    210
      50  x     50   SBS         0.00000         0.00000       -50.00000        50.00000        -0.00000    211
      51  x     51    BS         0.00000         0.00000       -50.00000        50.00000         0.00000    212
      52  x     52    BS         0.00000         0.00000       -50.00000        50.00000         0.00000    213
      53  x     53   SBS         0.00000         0.00000       -50.00000        50.00000         0.00000    214
      54  x     54    BS         0.00000         0.00000       -50.00000        50.00000         0.00000    215
      55  x     55    BS         0.00000         0.00000       -50.00000        50.00000         0.00000    216
      56  x     56    BS        -0.00000        -0.00000       -50.00000        50.00000        -0.00000    217
      57  x     57    BS        -0.00000        -0.00000       -50.00000        50.00000        -0.00000    218
      58  x     58    BS        -0.00000        -0.00000       -50.00000        50.00000        -0.00000    219
      59  x     59    BS        -0.00000        -0.00000       -50.00000        50.00000        -0.00000    220
      60  x     60    BS        -0.00000        -0.00000       -50.00000        50.00000        -0.00000    221
      61  x     61    BS        -0.00000        -0.00000       -50.00000        50.00000        -0.00000    222
      62  x     62    BS        -0.00000        -0.00000       -50.00000        50.00000        -0.00000    223
      63  x     63    BS        -0.00000        -0.00000       -50.00000        50.00000        -0.00000    224
      64  x     64    BS        -0.00000        -0.00000       -50.00000        50.00000        -0.00000    225
      65  x     65   SBS        -0.00000        -0.00000       -50.00000        50.00000        -0.00000    226
      66  x     66    BS        -0.00000        -0.00000       -50.00000        50.00000        -0.00000    227
      67  x     67    BS        -0.00000        -0.00000       -50.00000        50.00000        -0.00000    228
      68  x     68    BS        -0.00000        -0.00000       -50.00000        50.00000        -0.00000    229
      69  x     69    BS        -0.00000        -0.00000       -50.00000        50.00000        -0.00000    230
      70  x     70   SBS        -0.00000        -0.00000       -50.00000        50.00000        -0.00000    231
      71  x     71    BS        -0.00000        -0.00000       -50.00000        50.00000        -0.00000    232
      72  x     72    BS        -0.00000        -0.00000       -50.00000        50.00000        -0.00000    233
      73  x     73    BS        -0.00000        -0.00000       -50.00000        50.00000        -0.00000    234
      74  x     74   SBS        -0.00000        -0.00000       -50.00000        50.00000        -0.00000    235
      75  x     75    BS        -0.00000        -0.00000       -50.00000        50.00000        -0.00000    236
      76  x     76    BS        -0.00000        -0.00000       -50.00000        50.00000        -0.00000    237
      77  x     77   SBS        -0.00000        -0.00000       -50.00000        50.00000        -0.00000    238
      78  x     78    BS        -0.00000        -0.00000       -50.00000        50.00000        -0.00000    239
      79  x     79    BS        -0.00000        -0.00000       -50.00000        50.00000        -0.00000    240
      80  x     80   SBS        -0.00000        -0.00000       -50.00000        50.00000        -0.00000    241
      81  x     81    BS        -0.00000        -0.00000       -50.00000        50.00000        -0.00000    242
      82  x     82    BS        -0.00000        -0.00000       -50.00000        50.00000        -0.00000    243
      83  x     83    BS        -0.00000        -0.00000       -50.00000        50.00000        -0.00000    244
      84  x     84    BS        -0.00000        -0.00000       -50.00000        50.00000        -0.00000    245
      85  x     85   SBS        -0.00000        -0.00000       -50.00000        50.00000        -0.00000    246
      86  x     86    BS         0.00000         0.00000       -50.00000        50.00000        -0.00000    247
      87  x     87    BS         0.00000         0.00000       -50.00000        50.00000         0.00000    248
      88  x     88    BS         0.00000         0.00000       -50.00000        50.00000         0.00000    249
      89  x     89    BS         0.00000         0.00000       -50.00000        50.00000         0.00000    250
      90  x     90    BS         0.00000         0.00000       -50.00000        50.00000         0.00000    251
      91  x     91    BS         0.00000         0.00000       -50.00000        50.00000         0.00000    252
      92  x     92    BS        -0.00000        -0.00000       -50.00000        50.00000        -0.00000    253
      93  x     93    BS         0.00000         0.00000       -50.00000        50.00000        -0.00000    254
      94  x     94   SBS         0.00000         0.00000       -50.00000        50.00000         0.00000    255
      95  x     95    BS         0.00000         0.00000       -50.00000        50.00000         0.00000    256
      96  x     96    BS         0.00000         0.00000       -50.00000        50.00000         0.00000    257
      97  x     97   SBS         0.00000         0.00000       -50.00000        50.00000         0.00000    258
      98  x     98    BS         0.00000         0.00000       -50.00000        50.00000         0.00000    259
      99  x     99    BS         0.00000         0.00000       -50.00000        50.00000         0.00000    260
     100  x    100    BS         0.00000         0.00000       -50.00000        50.00000         0.00000    261
     101  x    101    BS         0.00000         0.00000       -50.00000        50.00000         0.00000    262
     102  x    102    BS         0.00000         0.00000       -50.00000        50.00000         0.00000    263
     103  x    103    BS         0.00000         0.00000       -50.00000        50.00000         0.00000    264
     104  x    104    BS         0.00000         0.00000       -50.00000        50.00000         0.00000    265
     105  x    105   SBS         0.00000         0.00000       -50.00000        50.00000         0.00000    266
     106  x    106    BS         0.00000         0.00000       -50.00000        50.00000         0.00000    267
     107  x    107    BS         0.00000         0.00000       -50.00000        50.00000         0.00000    268
     108  x    108    BS         0.00000         0.00000       -50.00000        50.00000         0.00000    269
     109  x    109    BS         0.00000         0.00000       -50.00000        50.00000         0.00000    270
     110  x    110    BS         0.00000         0.00000       -50.00000        50.00000         0.00000    271
     111  x    111   SBS         0.00000         0.00000       -50.00000        50.00000         0.00000    272
     112  x    112    BS         0.00000         0.00000       -50.00000        50.00000         0.00000    273
     113  x    113    BS         0.00000         0.00000       -50.00000        50.00000         0.00000    274
     114  x    114    BS         0.00000         0.00000       -50.00000        50.00000         0.00000    275
     115  x    115    BS         0.00000         0.00000       -50.00000        50.00000         0.00000    276
     116  x    116    BS         0.00000         0.00000       -50.00000        50.00000         0.00000    277
     117  x    117   SBS         0.00000         0.00000       -50.00000        50.00000         0.00000    278
     118  x    118    BS         0.00000         0.00000       -50.00000        50.00000         0.00000    279
     119  x    119    BS         0.00000         0.00000       -50.00000        50.00000         0.00000    280
     120  x    120    BS         0.00000         0.00000       -50.00000        50.00000         0.00000    281
     121  x    121    BS         0.00000         0.00000       -50.00000        50.00000         0.00000    282
     122  x    122    BS         0.00000         0.00000       -50.00000        50.00000         0.00000    283
     123  x    123    BS         0.00001         0.00000       -50.00000        50.00000         0.00000    284
     124  x    124    BS         0.00001         0.00000       -50.00000        50.00000         0.00000    285
     125  x    125   SBS         0.00001         0.00000       -50.00000        50.00000         0.00000    286
     126  x    126    BS         0.00002         0.00001       -50.00000        50.00000         0.00000    287
     127  x    127    BS         0.00002         0.00001       -50.00000        50.00000         0.00000    288
     128  x    128    BS         0.00004         0.00001       -50.00000        50.00000         0.00000    289
     129  x    129   SBS         0.00004         0.00000       -50.00000        50.00000         0.00000    290
     130  x    130    BS         0.00005         0.00002       -50.00000        50.00000         0.00000    291
     131  x    131    BS         0.00009         0.00004       -50.00000        50.00000         0.00000    292
     132  x    132    BS         0.00013         0.00004       -50.00000        50.00000         0.00000    293
     133  x    133   SBS         0.00014         0.00001       -50.00000        50.00000         0.00000    294
     134  x    134    BS         0.00019         0.00008       -50.00000        50.00000         0.00000    295
     135  x    135    BS         0.00030         0.00015       -50.00000        50.00000         0.00000    296
     136  x    136    BS         0.00045         0.00012       -50.00000        50.00000         0.00000    297
     137  x    137   SBS         0.00050         0.00004       -50.00000        50.00000         0.00000    298
     138  x    138    BS         0.00065         0.00027       -50.00000        50.00000         0.00000    299
     139  x    139    BS         0.00105         0.00051       -50.00000        50.00000         0.00000    300
     140  x    140    BS         0.00157         0.00043       -50.00000        50.00000         0.00000    301
     141  x    141    BS         0.00175         0.00014       -50.00000        50.00000         0.00000    302
     142  x    142    BS         0.00228         0.00094       -50.00000        50.00000         0.00000    303
     143  x    143    BS         0.00366         0.00178       -50.00000        50.00000         0.00000    304
     144  x    144    BS         0.00547         0.00151       -50.00000        50.00000         0.00000    305
     145  x    145    BS         0.00611         0.00048       -50.00000        50.00000         0.00000    306
     146  x    146   SBS         0.00797         0.00328       -50.00000        50.00000         0.00000    307
     147  x    147    BS         0.01279         0.00621       -50.00000        50.00000         0.00000    308
     148  x    148   SBS         0.01910         0.00526       -50.00000        50.00000         0.00000    309
     149  x    149    BS         0.02134         0.00167       -50.00000        50.00000         0.00000    310
     150  x    150    BS         0.02782         0.01144       -50.00000        50.00000         0.00000    311
     151  x    151    BS         0.04464         0.02166       -50.00000        50.00000         0.00000    312
     152  x    152    BS         0.06666         0.01837       -50.00000        50.00000         0.00000    313
     153  x    153   SBS         0.07447         0.00582       -50.00000        50.00000         0.00000    314
     154  x    154    BS         0.09710         0.03991       -50.00000        50.00000         0.00000    315
     155  x    155   SBS         0.15584         0.07562       -50.00000        50.00000        -0.00000    316
     156  x    156    BS         0.23270         0.06413       -50.00000        50.00000        -0.00000    317
     157  x    157    BS         0.26008         0.02032       -50.00000        50.00000        -0.00000    318
     158  x    158    BS         0.33921         0.13944       -50.00000        50.00000         0.00000    319
     159  x    159    BS         0.55155         0.26764       -50.00000        50.00000         0.00000    320
     160  x    160    BS         0.85247         0.23492       -50.00000        50.00000        -0.00000    321
     161  x    161    EQ         1.0              .              1.0             1.0             2.36896    322
     162  x    162   SBS        -0.42415        -0.03314       -50.00000        50.00000         0.00000    323
     163  x    163   SBS        -0.43603        -0.17923       -50.00000        50.00000        -0.00000    324
     164  x    164   SBS        -0.36251        -0.17591       -50.00000        50.00000        -0.00000    325
     165  x    165   SBS        -0.26704        -0.07359       -50.00000        50.00000         0.00000    326
     166  x    166   SBS        -0.24440        -0.01909       -50.00000        50.00000        -0.00000    327
     167  x    167   SBS        -0.19229        -0.07904       -50.00000        50.00000         0.00000    328
     168  x    168    BS        -0.12289        -0.05963       -50.00000        50.00000         0.00000    329
     169  x    169   SBS        -0.08296        -0.02286       -50.00000        50.00000         0.00000    330
     170  x    170   SBS        -0.07427        -0.00580       -50.00000        50.00000         0.00000    331
     171  x    171    BS        -0.05721        -0.02352       -50.00000        50.00000         0.00000    332
     172  x    172   SBS        -0.03568        -0.01731       -50.00000        50.00000        -0.00000    333
     173  x    173   SBS        -0.02394        -0.00660       -50.00000        50.00000         0.00000    334
     174  x    174   SBS        -0.02138        -0.00167       -50.00000        50.00000        -0.00000    335
     175  x    175   SBS        -0.01644        -0.00676       -50.00000        50.00000         0.00000    336
     176  x    176    BS        -0.01023        -0.00497       -50.00000        50.00000        -0.00000    337
     177  x    177   SBS        -0.00686        -0.00189       -50.00000        50.00000         0.00000    338
     178  x    178   SBS        -0.00613        -0.00048       -50.00000        50.00000        -0.00000    339
     179  x    179   SBS        -0.00471        -0.00194       -50.00000        50.00000         0.00000    340
     180  x    180    BS        -0.00293        -0.00142       -50.00000        50.00000        -0.00000    341
     181  x    181   SBS        -0.00197        -0.00054       -50.00000        50.00000         0.00000    342
     182  x    182   SBS        -0.00176        -0.00014       -50.00000        50.00000         0.00000    343
     183  x    183   SBS        -0.00135        -0.00055       -50.00000        50.00000         0.00000    344
     184  x    184    BS        -0.00084        -0.00041       -50.00000        50.00000        -0.00000    345
     185  x    185   SBS        -0.00056        -0.00016       -50.00000        50.00000         0.00000    346
     186  x    186   SBS        -0.00050        -0.00004       -50.00000        50.00000         0.00000    347
     187  x    187   SBS        -0.00039        -0.00016       -50.00000        50.00000         0.00000    348
     188  x    188   SBS        -0.00024        -0.00012       -50.00000        50.00000        -0.00000    349
     189  x    189   SBS        -0.00016        -0.00004       -50.00000        50.00000         0.00000    350
     190  x    190   SBS        -0.00014        -0.00001       -50.00000        50.00000         0.00000    351
     191  x    191   SBS        -0.00011        -0.00005       -50.00000        50.00000         0.00000    352
     192  x    192    BS        -0.00007        -0.00003       -50.00000        50.00000        -0.00000    353
     193  x    193   SBS        -0.00005        -0.00001       -50.00000        50.00000         0.00000    354
     194  x    194   SBS        -0.00004        -0.00000       -50.00000        50.00000         0.00000    355
     195  x    195   SBS        -0.00003        -0.00001       -50.00000        50.00000         0.00000    356
     196  x    196   SBS        -0.00002        -0.00001       -50.00000        50.00000        -0.00000    357
     197  x    197   SBS        -0.00001        -0.00000       -50.00000        50.00000         0.00000    358
     198  x    198   SBS        -0.00001        -0.00000       -50.00000        50.00000        -0.00000    359
     199  x    199   SBS        -0.00001        -0.00000       -50.00000        50.00000         0.00000    360
     200  x    200   SBS        -0.00001        -0.00000       -50.00000        50.00000        -0.00000    361
     201  x    201   SBS        -0.00000        -0.00000       -50.00000        50.00000        -0.00000    362
     202  x    202   SBS        -0.00000        -0.00000       -50.00000        50.00000        -0.00000    363
     203  x    203    BS        -0.00000        -0.00000       -50.00000        50.00000         0.00000    364
     204  x    204   SBS        -0.00000        -0.00000       -50.00000        50.00000        -0.00000    365
     205  x    205   SBS        -0.00000        -0.00000       -50.00000        50.00000        -0.00000    366
     206  x    206   SBS        -0.00000        -0.00000       -50.00000        50.00000         0.00000    367
     207  x    207    BS        -0.00000        -0.00000       -50.00000        50.00000        -0.00000    368
     208  x    208   SBS        -0.00000        -0.00000       -50.00000        50.00000        -0.00000    369
     209  x    209   SBS        -0.00000        -0.00000       -50.00000        50.00000        -0.00000    370
     210  x    210   SBS        -0.00000        -0.00000       -50.00000        50.00000         0.00000    371
     211  x    211   SBS         0.00000         0.00000       -50.00000        50.00000         0.00000    372
     212  x    212    BS         0.00000         0.00000       -50.00000        50.00000         0.00000    373
     213  x    213   SBS        -0.00000        -0.00000       -50.00000        50.00000        -0.00000    374
     214  x    214   SBS         0.00000         0.00000       -50.00000        50.00000         0.00000    375
     215  x    215   SBS        -0.00000        -0.00000       -50.00000        50.00000         0.00000    376
     216  x    216    BS        -0.00000        -0.00000       -50.00000        50.00000        -0.00000    377
     217  x    217   SBS         0.00000         0.00000       -50.00000        50.00000         0.00000    378
     218  x    218   SBS         0.00000         0.00000       -50.00000        50.00000         0.00000    379
     219  x    219   SBS         0.00000         0.00000       -50.00000        50.00000         0.00000    380
     220  x    220   SBS        -0.00000        -0.00000       -50.00000        50.00000        -0.00000    381
     221  x    221   SBS         0.00000         0.00000       -50.00000        50.00000         0.00000    382
     222  x    222   SBS        -0.00000        -0.00000       -50.00000        50.00000        -0.00000    383
     223  x    223   SBS         0.00000         0.00000       -50.00000        50.00000         0.00000    384
     224  x    224   SBS        -0.00000        -0.00000       -50.00000        50.00000        -0.00000    385
     225  x    225   SBS         0.00000         0.00000       -50.00000        50.00000         0.00000    386
     226  x    226   SBS        -0.00000        -0.00000       -50.00000        50.00000        -0.00000    387
     227  x    227   SBS         0.00000         0.00000       -50.00000        50.00000         0.00000    388
     228  x    228    BS        -0.00000        -0.00000       -50.00000        50.00000        -0.00000    389
     229  x    229   SBS         0.00000         0.00000       -50.00000        50.00000         0.00000    390
     230  x    230   SBS         0.00000         0.00000       -50.00000        50.00000         0.00000    391
     231  x    231   SBS         0.00000         0.00000       -50.00000        50.00000         0.00000    392
     232  x    232    BS        -0.00000        -0.00000       -50.00000        50.00000        -0.00000    393
     233  x    233   SBS         0.00000         0.00000       -50.00000        50.00000         0.00000    394
     234  x    234   SBS         0.00000         0.00000       -50.00000        50.00000         0.00000    395
     235  x    235   SBS         0.00000         0.00000       -50.00000        50.00000         0.00000    396
     236  x    236    BS        -0.00000        -0.00000       -50.00000        50.00000        -0.00000    397
     237  x    237   SBS         0.00000         0.00000       -50.00000        50.00000         0.00000    398
     238  x    238   SBS         0.00000         0.00000       -50.00000        50.00000         0.00000    399
     239  x    239   SBS         0.00000         0.00000       -50.00000        50.00000         0.00000    400
     240  x    240    BS        -0.00000        -0.00000       -50.00000        50.00000        -0.00000    401
     241  x    241   SBS         0.00000         0.00000       -50.00000        50.00000         0.00000    402
     242  x    242   SBS         0.00000         0.00000       -50.00000        50.00000         0.00000    403
     243  x    243   SBS         0.00000         0.00000       -50.00000        50.00000         0.00000    404
     244  x    244    BS        -0.00000        -0.00000       -50.00000        50.00000        -0.00000    405
     245  x    245   SBS         0.00000         0.00000       -50.00000        50.00000         0.00000    406
     246  x    246   SBS         0.00000         0.00000       -50.00000        50.00000         0.00000    407
     247  x    247   SBS         0.00000         0.00000       -50.00000        50.00000         0.00000    408
     248  x    248    BS        -0.00000        -0.00000       -50.00000        50.00000        -0.00000    409
     249  x    249   SBS         0.00000         0.00000       -50.00000        50.00000         0.00000    410
     250  x    250   SBS        -0.00000        -0.00000       -50.00000        50.00000        -0.00000    411
     251  x    251   SBS        -0.00000        -0.00000       -50.00000        50.00000        -0.00000    412
     252  x    252   SBS        -0.00000        -0.00000       -50.00000        50.00000        -0.00000    413
     253  x    253   SBS         0.00000         0.00000       -50.00000        50.00000         0.00000    414
     254  x    254   SBS        -0.00000        -0.00000       -50.00000        50.00000        -0.00000    415
     255  x    255   SBS         0.00000         0.00000       -50.00000        50.00000         0.00000    416
     256  x    256    BS         0.00000         0.00000       -50.00000        50.00000         0.00000    417
     257  x    257   SBS         0.00000         0.00000       -50.00000        50.00000         0.00000    418
     258  x    258   SBS         0.00000         0.00000       -50.00000        50.00000         0.00000    419
     259  x    259    BS         0.00000         0.00000       -50.00000        50.00000         0.00000    420
     260  x    260   SBS        -0.00000        -0.00000       -50.00000        50.00000        -0.00000    421
     261  x    261   SBS         0.00000         0.00000       -50.00000        50.00000         0.00000    422
     262  x    262   SBS         0.00000         0.00000       -50.00000        50.00000         0.00000    423
     263  x    263   SBS        -0.00000        -0.00000       -50.00000        50.00000         0.00000    424
     264  x    264   SBS        -0.00000        -0.00000       -50.00000        50.00000        -0.00000    425
     265  x    265   SBS         0.00000         0.00000       -50.00000        50.00000         0.00000    426
     266  x    266   SBS         0.00000         0.00000       -50.00000        50.00000         0.00000    427
     267  x    267    BS        -0.00000        -0.00000       -50.00000        50.00000        -0.00000    428
     268  x    268   SBS        -0.00000        -0.00000       -50.00000        50.00000        -0.00000    429
     269  x    269   SBS         0.00000         0.00000       -50.00000        50.00000         0.00000    430
     270  x    270   SBS         0.00000         0.00000       -50.00000        50.00000         0.00000    431
     271  x    271   SBS         0.00000         0.00000       -50.00000        50.00000         0.00000    432
     272  x    272   SBS        -0.00000        -0.00000       -50.00000        50.00000        -0.00000    433
     273  x    273   SBS         0.00000         0.00000       -50.00000        50.00000         0.00000    434
     274  x    274   SBS         0.00000         0.00000       -50.00000        50.00000         0.00000    435
     275  x    275   SBS         0.00000         0.00000       -50.00000        50.00000         0.00000    436
     276  x    276    BS         0.00000         0.00000       -50.00000        50.00000        -0.00000    437
     277  x    277   SBS         0.00000         0.00000       -50.00000        50.00000         0.00000    438
     278  x    278   SBS         0.00000         0.00000       -50.00000        50.00000         0.00000    439
     279  x    279   SBS         0.00000         0.00000       -50.00000        50.00000         0.00000    440
     280  x    280    BS         0.00000         0.00000       -50.00000        50.00000        -0.00000    441
     281  x    281   SBS         0.00000         0.00000       -50.00000        50.00000         0.00000    442
     282  x    282   SBS         0.00000         0.00000       -50.00000        50.00000         0.00000    443
     283  x    283   SBS         0.00000         0.00000       -50.00000        50.00000         0.00000    444
     284  x    284   SBS         0.00001         0.00000       -50.00000        50.00000        -0.00000    445
     285  x    285   SBS         0.00001         0.00000       -50.00000        50.00000         0.00000    446
     286  x    286   SBS         0.00001         0.00000       -50.00000        50.00000         0.00000    447
     287  x    287   SBS         0.00002         0.00001       -50.00000        50.00000         0.00000    448
     288  x    288    BS         0.00002         0.00001       -50.00000        50.00000        -0.00000    449
     289  x    289   SBS         0.00004         0.00001       -50.00000        50.00000         0.00000    450
     290  x    290   SBS         0.00004         0.00000       -50.00000        50.00000         0.00000    451
     291  x    291    BS         0.00005         0.00002       -50.00000        50.00000         0.00000    452
     292  x    292   SBS         0.00009         0.00004       -50.00000        50.00000        -0.00000    453
     293  x    293   SBS         0.00013         0.00004       -50.00000        50.00000         0.00000    454
     294  x    294   SBS         0.00014         0.00001       -50.00000        50.00000         0.00000    455
     295  x    295    BS         0.00019         0.00008       -50.00000        50.00000         0.00000    456
     296  x    296   SBS         0.00030         0.00015       -50.00000        50.00000        -0.00000    457
     297  x    297   SBS         0.00045         0.00012       -50.00000        50.00000         0.00000    458
     298  x    298   SBS         0.00050         0.00004       -50.00000        50.00000         0.00000    459
     299  x    299    BS         0.00066         0.00027       -50.00000        50.00000         0.00000    460
     300  x    300   SBS         0.00105         0.00051       -50.00000        50.00000        -0.00000    461
     301  x    301   SBS         0.00157         0.00043       -50.00000        50.00000         0.00000    462
     302  x    302   SBS         0.00174         0.00014       -50.00000        50.00000         0.00000    463
     303  x    303   SBS         0.00229         0.00094       -50.00000        50.00000         0.00000    464
     304  x    304   SBS         0.00366         0.00178       -50.00000        50.00000        -0.00000    465
     305  x    305   SBS         0.00547         0.00151       -50.00000        50.00000         0.00000    466
     306  x    306   SBS         0.00608         0.00048       -50.00000        50.00000         0.00000    467
     307  x    307   SBS         0.00798         0.00328       -50.00000        50.00000         0.00000    468
     308  x    308    BS         0.01278         0.00620       -50.00000        50.00000        -0.00000    469
     309  x    309   SBS         0.01911         0.00527       -50.00000        50.00000         0.00000    470
     310  x    310   SBS         0.02122         0.00166       -50.00000        50.00000         0.00000    471
     311  x    311   SBS         0.02789         0.01147       -50.00000        50.00000        -0.00000    472
     312  x    312    BS         0.04469         0.02168       -50.00000        50.00000        -0.00000    473
     313  x    313   SBS         0.06699         0.01846       -50.00000        50.00000         0.00000    474
     314  x    314   SBS         0.07386         0.00577       -50.00000        50.00000        -0.00000    475
     315  x    315    BS         0.09847         0.04048       -50.00000        50.00000        -0.00000    476
     316  x    316   SBS         0.15925         0.07727       -50.00000        50.00000        -0.00000    477
     317  x    317   SBS         0.24604         0.06780       -50.00000        50.00000         0.00000    478
     318  x    318   SBS         0.16369         0.01279       -50.00000        50.00000         0.00000    479
     319  x    319   SBS         0.43590         0.17918       -50.00000        50.00000         0.00000    480
     320  x    320   SBS         0.68016         0.33004       -50.00000        50.00000        -0.00000    481
     321  x    321    BS         1.76890         0.48747       -50.00000        50.00000         0.00000    482
     322  x    322    EQ          .             -0.02285          .               .              0.00038    483
     323  x    323    EQ        50.00000         0.02285        50.00000        50.00000        -0.00038    484
 
 Time for MPS input                             0.00 seconds
 Time for solving problem                       0.09 seconds
 Time for solution output                       0.00 seconds
 Time for constraint functions                  0.06 seconds
 Time for objective function                    0.00 seconds
